{"level":"error","message":"internal server error","timestamp":"2021-11-01T19:54:40.492Z"}
{"level":"error","message":"internal server error","timestamp":"2021-11-01T19:55:56.552Z"}
{"level":"error","message":"internal server error","timestamp":"2021-11-01T19:56:40.646Z"}
{"level":"error","message":"internal server error","timestamp":"2021-11-01T19:56:57.141Z"}
{"level":"error","message":"internal server error","timestamp":"2021-11-01T19:57:52.069Z"}
{"level":"error","message":"Email already registered","timestamp":"2021-11-12T13:17:52.720Z"}
{"level":"error","message":"validation failed","timestamp":"2021-11-12T13:17:52.746Z"}
{"level":"error","message":"validation failed","timestamp":"2021-11-12T13:17:52.768Z"}
{"level":"error","message":"validation failed","timestamp":"2021-11-12T13:17:52.798Z"}
{"level":"error","message":"Email already registered","timestamp":"2021-11-12T13:17:53.043Z"}
{"level":"error","message":"validation failed","timestamp":"2021-11-12T13:17:53.050Z"}
{"level":"error","message":"validation failed","timestamp":"2021-11-12T13:17:53.059Z"}
{"level":"error","message":"validation failed","timestamp":"2021-11-12T13:17:53.065Z"}
{"level":"error","message":"Invalid email","timestamp":"2021-11-12T13:17:53.615Z"}
{"level":"error","message":"Invalid password","timestamp":"2021-11-12T13:17:53.755Z"}
{"level":"error","message":"Validation failed","timestamp":"2021-11-12T13:17:53.762Z"}
{"level":"error","message":"Validation failed","timestamp":"2021-11-12T13:17:53.769Z"}
{"level":"error","message":"Invalid email","timestamp":"2021-11-12T13:17:53.901Z"}
{"level":"error","message":"Email already registered","timestamp":"2021-11-12T13:21:06.382Z"}
{"level":"error","message":"validation failed","timestamp":"2021-11-12T13:21:06.392Z"}
{"level":"error","message":"validation failed","timestamp":"2021-11-12T13:21:06.399Z"}
{"level":"error","message":"validation failed","timestamp":"2021-11-12T13:21:06.406Z"}
{"level":"error","message":"Email already registered","timestamp":"2021-11-12T13:21:06.611Z"}
{"level":"error","message":"validation failed","timestamp":"2021-11-12T13:21:06.617Z"}
{"level":"error","message":"validation failed","timestamp":"2021-11-12T13:21:06.630Z"}
{"level":"error","message":"validation failed","timestamp":"2021-11-12T13:21:06.636Z"}
{"level":"error","message":"Invalid email","timestamp":"2021-11-12T13:21:06.758Z"}
{"level":"error","message":"Invalid password","timestamp":"2021-11-12T13:21:06.855Z"}
{"level":"error","message":"Validation failed","timestamp":"2021-11-12T13:21:06.861Z"}
{"level":"error","message":"Validation failed","timestamp":"2021-11-12T13:21:06.867Z"}
{"level":"error","message":"Invalid email","timestamp":"2021-11-12T13:21:06.908Z"}
{"level":"error","message":"Email already registered","timestamp":"2021-11-12T13:23:24.963Z"}
{"level":"error","message":"validation failed","timestamp":"2021-11-12T13:23:24.971Z"}
{"level":"error","message":"validation failed","timestamp":"2021-11-12T13:23:24.978Z"}
{"level":"error","message":"validation failed","timestamp":"2021-11-12T13:23:24.987Z"}
{"level":"error","message":"Email already registered","timestamp":"2021-11-12T13:23:25.202Z"}
{"level":"error","message":"validation failed","timestamp":"2021-11-12T13:23:25.209Z"}
{"level":"error","message":"validation failed","timestamp":"2021-11-12T13:23:25.221Z"}
{"level":"error","message":"validation failed","timestamp":"2021-11-12T13:23:25.227Z"}
{"level":"error","message":"Invalid email","timestamp":"2021-11-12T13:23:25.371Z"}
{"level":"error","message":"Invalid password","timestamp":"2021-11-12T13:23:25.483Z"}
{"level":"error","message":"Validation failed","timestamp":"2021-11-12T13:23:25.490Z"}
{"level":"error","message":"Validation failed","timestamp":"2021-11-12T13:23:25.497Z"}
{"level":"error","message":"Invalid email","timestamp":"2021-11-12T13:23:25.538Z"}
{"level":"error","message":"Email already registered","timestamp":"2021-11-12T13:25:11.160Z"}
{"level":"error","message":"validation failed","timestamp":"2021-11-12T13:25:11.169Z"}
{"level":"error","message":"validation failed","timestamp":"2021-11-12T13:25:11.178Z"}
{"level":"error","message":"validation failed","timestamp":"2021-11-12T13:25:11.185Z"}
{"level":"error","message":"Email already registered","timestamp":"2021-11-12T13:25:11.399Z"}
{"level":"error","message":"validation failed","timestamp":"2021-11-12T13:25:11.406Z"}
{"level":"error","message":"validation failed","timestamp":"2021-11-12T13:25:11.418Z"}
{"level":"error","message":"validation failed","timestamp":"2021-11-12T13:25:11.427Z"}
{"level":"error","message":"Invalid email","timestamp":"2021-11-12T13:25:11.548Z"}
{"level":"error","message":"Invalid password","timestamp":"2021-11-12T13:25:11.648Z"}
{"level":"error","message":"Validation failed","timestamp":"2021-11-12T13:25:11.656Z"}
{"level":"error","message":"Validation failed","timestamp":"2021-11-12T13:25:11.662Z"}
{"level":"error","message":"Invalid email","timestamp":"2021-11-12T13:25:11.695Z"}
{"level":"error","message":"Email already registered","timestamp":"2021-11-12T13:26:02.934Z"}
{"level":"error","message":"validation failed","timestamp":"2021-11-12T13:26:02.947Z"}
{"level":"error","message":"validation failed","timestamp":"2021-11-12T13:26:02.958Z"}
{"level":"error","message":"validation failed","timestamp":"2021-11-12T13:26:02.970Z"}
{"level":"error","message":"Email already registered","timestamp":"2021-11-12T13:26:03.248Z"}
{"level":"error","message":"validation failed","timestamp":"2021-11-12T13:26:03.255Z"}
{"level":"error","message":"validation failed","timestamp":"2021-11-12T13:26:03.261Z"}
{"level":"error","message":"validation failed","timestamp":"2021-11-12T13:26:03.268Z"}
{"level":"error","message":"Invalid email","timestamp":"2021-11-12T13:26:03.395Z"}
{"level":"error","message":"Invalid password","timestamp":"2021-11-12T13:26:03.500Z"}
{"level":"error","message":"Validation failed","timestamp":"2021-11-12T13:26:03.506Z"}
{"level":"error","message":"Validation failed","timestamp":"2021-11-12T13:26:03.512Z"}
{"level":"error","message":"Invalid email","timestamp":"2021-11-12T13:26:03.553Z"}
{"level":"error","message":"Email already registered","timestamp":"2021-11-12T13:31:24.884Z"}
{"level":"error","message":"validation failed","timestamp":"2021-11-12T13:31:24.894Z"}
{"level":"error","message":"validation failed","timestamp":"2021-11-12T13:31:24.901Z"}
{"level":"error","message":"validation failed","timestamp":"2021-11-12T13:31:24.909Z"}
{"level":"error","message":"Email already registered","timestamp":"2021-11-12T13:31:25.146Z"}
{"level":"error","message":"validation failed","timestamp":"2021-11-12T13:31:25.153Z"}
{"level":"error","message":"validation failed","timestamp":"2021-11-12T13:31:25.162Z"}
{"level":"error","message":"validation failed","timestamp":"2021-11-12T13:31:25.169Z"}
{"level":"error","message":"Invalid email","timestamp":"2021-11-12T13:31:25.300Z"}
{"level":"error","message":"Invalid password","timestamp":"2021-11-12T13:31:25.402Z"}
{"level":"error","message":"Validation failed","timestamp":"2021-11-12T13:31:25.409Z"}
{"level":"error","message":"Validation failed","timestamp":"2021-11-12T13:31:25.416Z"}
{"level":"error","message":"Invalid email","timestamp":"2021-11-12T13:31:25.468Z"}
{"level":"error","message":"Email already registered","timestamp":"2021-11-12T13:32:40.152Z"}
{"level":"error","message":"validation failed","timestamp":"2021-11-12T13:32:40.160Z"}
{"level":"error","message":"validation failed","timestamp":"2021-11-12T13:32:40.168Z"}
{"level":"error","message":"validation failed","timestamp":"2021-11-12T13:32:40.177Z"}
{"level":"error","message":"Email already registered","timestamp":"2021-11-12T13:32:40.398Z"}
{"level":"error","message":"validation failed","timestamp":"2021-11-12T13:32:40.407Z"}
{"level":"error","message":"validation failed","timestamp":"2021-11-12T13:32:40.415Z"}
{"level":"error","message":"validation failed","timestamp":"2021-11-12T13:32:40.429Z"}
{"level":"error","message":"Invalid email","timestamp":"2021-11-12T13:32:40.568Z"}
{"level":"error","message":"Invalid password","timestamp":"2021-11-12T13:32:40.671Z"}
{"level":"error","message":"Validation failed","timestamp":"2021-11-12T13:32:40.677Z"}
{"level":"error","message":"Validation failed","timestamp":"2021-11-12T13:32:40.683Z"}
{"level":"error","message":"Invalid email","timestamp":"2021-11-12T13:32:40.718Z"}
{"level":"error","message":"Email already registered","timestamp":"2021-11-12T13:36:03.592Z"}
{"level":"error","message":"validation failed","timestamp":"2021-11-12T13:36:03.602Z"}
{"level":"error","message":"validation failed","timestamp":"2021-11-12T13:36:03.613Z"}
{"level":"error","message":"validation failed","timestamp":"2021-11-12T13:36:03.622Z"}
{"level":"error","message":"Email already registered","timestamp":"2021-11-12T13:36:03.858Z"}
{"level":"error","message":"validation failed","timestamp":"2021-11-12T13:36:03.864Z"}
{"level":"error","message":"validation failed","timestamp":"2021-11-12T13:36:03.873Z"}
{"level":"error","message":"validation failed","timestamp":"2021-11-12T13:36:03.883Z"}
{"level":"error","message":"Invalid email","timestamp":"2021-11-12T13:36:04.025Z"}
{"level":"error","message":"Invalid password","timestamp":"2021-11-12T13:36:04.134Z"}
{"level":"error","message":"Validation failed","timestamp":"2021-11-12T13:36:04.140Z"}
{"level":"error","message":"Validation failed","timestamp":"2021-11-12T13:36:04.146Z"}
{"level":"error","message":"Invalid email","timestamp":"2021-11-12T13:36:04.206Z"}
{"level":"error","message":"Email already registered","timestamp":"2021-11-12T16:40:14.962Z"}
{"level":"error","message":"validation failed","timestamp":"2021-11-12T16:40:14.980Z"}
{"level":"error","message":"validation failed","timestamp":"2021-11-12T16:40:14.999Z"}
{"level":"error","message":"validation failed","timestamp":"2021-11-12T16:40:15.017Z"}
{"level":"error","message":"Email already registered","timestamp":"2021-11-12T16:40:15.311Z"}
{"level":"error","message":"validation failed","timestamp":"2021-11-12T16:40:15.319Z"}
{"level":"error","message":"validation failed","timestamp":"2021-11-12T16:40:15.327Z"}
{"level":"error","message":"validation failed","timestamp":"2021-11-12T16:40:15.337Z"}
{"level":"error","message":"Invalid email","timestamp":"2021-11-12T16:40:15.518Z"}
{"level":"error","message":"Invalid password","timestamp":"2021-11-12T16:40:15.620Z"}
{"level":"error","message":"Validation failed","timestamp":"2021-11-12T16:40:15.632Z"}
{"level":"error","message":"Validation failed","timestamp":"2021-11-12T16:40:15.645Z"}
{"level":"error","message":"Invalid email","timestamp":"2021-11-12T16:40:15.705Z"}
{"_original":{"addedBy":"yashpurwar.yashpurwar@gmail.com","author":"eum","description":"Eos voluptas eum.","title":"voluptatem"},"details":[{"context":{"key":"price","label":"price"},"message":"\"price\" is required","path":["price"],"type":"any.required"}],"level":"error","timestamp":"2021-11-12T16:43:50.155Z"}
{"_original":{"addedBy":"yashpurwar.yashpurwar@gmail.com","author":"eveniet","description":"Dolorem sint doloribus iusto numquam earum consequatur aliquam in.","title":"quaerat"},"details":[{"context":{"key":"price","label":"price"},"message":"\"price\" is required","path":["price"],"type":"any.required"}],"level":"error","timestamp":"2021-11-12T16:45:00.776Z"}
{"_original":{"addedBy":"yashpurwar.yashpurwar@gmail.com","author":"debitis","description":"Qui corrupti consequuntur laudantium id voluptas quasi ullam in.","title":"cum"},"details":[{"context":{"key":"price","label":"price"},"message":"\"price\" is required","path":["price"],"type":"any.required"}],"level":"error","timestamp":"2021-11-12T16:49:47.392Z"}
{"_original":{"addedBy":"yashpurwar.yashpurwar@gmail.com","author":"voluptates","description":"Dolorem et quisquam.","title":"animi"},"details":[{"context":{"key":"price","label":"price"},"message":"\"price\" is required","path":["price"],"type":"any.required"}],"level":"error","timestamp":"2021-11-12T16:50:11.586Z"}
{"_original":{"addedBy":"yashpurwar.yashpurwar@gmail.com","author":"praesentium","description":"Rerum nihil repellat nisi ipsam.","title":"eligendi"},"details":[{"context":{"key":"price","label":"price"},"message":"\"price\" is required","path":["price"],"type":"any.required"}],"level":"error","timestamp":"2021-11-12T16:50:29.073Z"}
{"_original":{"addedBy":"yashpurwar.yashpurwar@gmail.com","author":"voluptatem","description":"Pariatur unde architecto aut qui quia itaque.","title":"nobis"},"details":[{"context":{"key":"price","label":"price"},"message":"\"price\" is required","path":["price"],"type":"any.required"}],"level":"error","timestamp":"2021-11-12T16:50:44.849Z"}
{"_original":{"addedBy":"yashpurwar.yashpurwar@gmail.com","author":"in","description":"Vitae sunt omnis quas ut iusto molestias et ab.","title":"delectus"},"details":[{"context":{"key":"price","label":"price"},"message":"\"price\" is required","path":["price"],"type":"any.required"}],"level":"error","timestamp":"2021-11-12T16:54:27.431Z"}
{"_original":{"addedBy":"yashpurwar.yashpurwar@gmail.com","author":"ut","description":"Excepturi sit rem commodi at facilis.","title":"omnis"},"details":[{"context":{"key":"price","label":"price"},"message":"\"price\" is required","path":["price"],"type":"any.required"}],"level":"error","timestamp":"2021-11-12T16:54:57.932Z"}
{"_original":{"addedBy":"yashpurwar.yashpurwar@gmail.com","author":"aspernatur","description":"Architecto et voluptas enim dolor unde sint ut.","title":"quaerat"},"details":[{"context":{"key":"price","label":"price"},"message":"\"price\" is required","path":["price"],"type":"any.required"}],"level":"error","timestamp":"2021-11-12T18:38:47.125Z"}
{"_original":{"addedBy":"yashpurwar.yashpurwar@gmail.com","author":"facere","description":"Voluptatem eveniet neque ut ut.","title":"totam"},"details":[{"context":{"key":"price","label":"price"},"message":"\"price\" is required","path":["price"],"type":"any.required"}],"level":"error","timestamp":"2021-11-12T18:42:25.665Z"}
{"_original":{"addedBy":"yashpurwar.yashpurwar@gmail.com","author":"sint","description":"Est tenetur nobis aut dolorem delectus saepe aliquid.","title":"quam"},"details":[{"context":{"key":"price","label":"price"},"message":"\"price\" is required","path":["price"],"type":"any.required"}],"level":"error","timestamp":"2021-11-12T18:46:55.898Z"}
{"_original":{"addedBy":"yashpurwar.yashpurwar@gmail.com","author":"molestiae","description":"Repudiandae esse eveniet sed voluptate.","title":"ex"},"details":[{"context":{"key":"price","label":"price"},"message":"\"price\" is required","path":["price"],"type":"any.required"}],"level":"error","timestamp":"2021-11-12T18:47:40.398Z"}
{"_original":{"addedBy":"yashpurwar.yashpurwar@gmail.com","author":"voluptates","description":"Qui error et eos rem consequatur.","title":"qui"},"details":[{"context":{"key":"price","label":"price"},"message":"\"price\" is required","path":["price"],"type":"any.required"}],"level":"error","timestamp":"2021-11-12T18:49:01.879Z"}
{"_original":{"addedBy":"yashpurwar.yashpurwar@gmail.com","author":"illo","description":"Temporibus nemo et voluptas temporibus enim qui nihil sit consequuntur.","title":"nobis"},"details":[{"context":{"key":"price","label":"price"},"message":"\"price\" is required","path":["price"],"type":"any.required"}],"level":"error","timestamp":"2021-11-12T18:49:26.714Z"}
{"_original":{"addedBy":"yashpurwar.yashpurwar@gmail.com","author":"placeat","description":"Similique ut expedita dolorem culpa magnam saepe.","title":"sunt"},"details":[{"context":{"key":"price","label":"price"},"message":"\"price\" is required","path":["price"],"type":"any.required"}],"level":"error","timestamp":"2021-11-14T07:22:53.746Z"}
{"level":"error","message":"Email already registered","timestamp":"2021-11-14T07:22:54.130Z"}
{"level":"error","message":"validation failed","timestamp":"2021-11-14T07:22:54.137Z"}
{"level":"error","message":"validation failed","timestamp":"2021-11-14T07:22:54.144Z"}
{"level":"error","message":"validation failed","timestamp":"2021-11-14T07:22:54.151Z"}
{"level":"error","message":"Email already registered","timestamp":"2021-11-14T07:22:54.355Z"}
{"level":"error","message":"validation failed","timestamp":"2021-11-14T07:22:54.362Z"}
{"level":"error","message":"validation failed","timestamp":"2021-11-14T07:22:54.369Z"}
{"level":"error","message":"validation failed","timestamp":"2021-11-14T07:22:54.377Z"}
{"level":"error","message":"Invalid email","timestamp":"2021-11-14T07:22:54.493Z"}
{"level":"error","message":"Invalid password","timestamp":"2021-11-14T07:22:54.592Z"}
{"level":"error","message":"Validation failed","timestamp":"2021-11-14T07:22:54.598Z"}
{"level":"error","message":"Validation failed","timestamp":"2021-11-14T07:22:54.608Z"}
{"level":"error","message":"Invalid email","timestamp":"2021-11-14T07:22:54.663Z"}
{"_original":{"addedBy":"yashpurwar.yashpurwar@gmail.com","author":"aspernatur","description":"Delectus vero consequuntur quisquam.","title":"aut"},"details":[{"context":{"key":"price","label":"price"},"message":"\"price\" is required","path":["price"],"type":"any.required"}],"level":"error","timestamp":"2021-11-14T07:23:52.408Z"}
{"level":"error","message":"Email already registered","timestamp":"2021-11-14T07:23:52.741Z"}
{"level":"error","message":"validation failed","timestamp":"2021-11-14T07:23:52.748Z"}
{"level":"error","message":"validation failed","timestamp":"2021-11-14T07:23:52.755Z"}
{"level":"error","message":"validation failed","timestamp":"2021-11-14T07:23:52.761Z"}
{"level":"error","message":"Email already registered","timestamp":"2021-11-14T07:23:53.056Z"}
{"level":"error","message":"validation failed","timestamp":"2021-11-14T07:23:53.063Z"}
{"level":"error","message":"validation failed","timestamp":"2021-11-14T07:23:53.071Z"}
{"level":"error","message":"validation failed","timestamp":"2021-11-14T07:23:53.078Z"}
{"level":"error","message":"Invalid email","timestamp":"2021-11-14T07:23:53.207Z"}
{"level":"error","message":"Invalid password","timestamp":"2021-11-14T07:23:53.364Z"}
{"level":"error","message":"Validation failed","timestamp":"2021-11-14T07:23:53.370Z"}
{"level":"error","message":"Validation failed","timestamp":"2021-11-14T07:23:53.380Z"}
{"level":"error","message":"Invalid email","timestamp":"2021-11-14T07:23:53.433Z"}
{"_original":{"addedBy":"yashpurwar.yashpurwar@gmail.com","author":"cumque","description":"Mollitia est blanditiis.","title":"fugit"},"details":[{"context":{"key":"price","label":"price"},"message":"\"price\" is required","path":["price"],"type":"any.required"}],"level":"error","timestamp":"2021-11-14T07:24:24.975Z"}
{"level":"error","message":"Email already registered","timestamp":"2021-11-14T07:24:25.375Z"}
{"level":"error","message":"validation failed","timestamp":"2021-11-14T07:24:25.382Z"}
{"level":"error","message":"validation failed","timestamp":"2021-11-14T07:24:25.388Z"}
{"level":"error","message":"validation failed","timestamp":"2021-11-14T07:24:25.397Z"}
{"level":"error","message":"Email already registered","timestamp":"2021-11-14T07:24:25.607Z"}
{"level":"error","message":"validation failed","timestamp":"2021-11-14T07:24:25.615Z"}
{"level":"error","message":"validation failed","timestamp":"2021-11-14T07:24:25.621Z"}
{"level":"error","message":"validation failed","timestamp":"2021-11-14T07:24:25.628Z"}
{"level":"error","message":"Invalid email","timestamp":"2021-11-14T07:24:25.748Z"}
{"level":"error","message":"Invalid password","timestamp":"2021-11-14T07:24:25.850Z"}
{"level":"error","message":"Validation failed","timestamp":"2021-11-14T07:24:25.857Z"}
{"level":"error","message":"Validation failed","timestamp":"2021-11-14T07:24:25.865Z"}
{"level":"error","message":"Invalid email","timestamp":"2021-11-14T07:24:25.910Z"}
{"_original":{"addedBy":"yashpurwar.yashpurwar@gmail.com","author":"accusamus","description":"Et modi facere eligendi.","title":"deleniti"},"details":[{"context":{"key":"price","label":"price"},"message":"\"price\" is required","path":["price"],"type":"any.required"}],"level":"error","timestamp":"2021-11-14T07:25:59.360Z"}
{"level":"error","message":"Email already registered","timestamp":"2021-11-14T07:25:59.738Z"}
{"level":"error","message":"validation failed","timestamp":"2021-11-14T07:25:59.745Z"}
{"level":"error","message":"validation failed","timestamp":"2021-11-14T07:25:59.751Z"}
{"level":"error","message":"validation failed","timestamp":"2021-11-14T07:25:59.760Z"}
{"level":"error","message":"Email already registered","timestamp":"2021-11-14T07:25:59.960Z"}
{"level":"error","message":"validation failed","timestamp":"2021-11-14T07:25:59.966Z"}
{"level":"error","message":"validation failed","timestamp":"2021-11-14T07:25:59.975Z"}
{"level":"error","message":"validation failed","timestamp":"2021-11-14T07:25:59.981Z"}
{"level":"error","message":"Invalid email","timestamp":"2021-11-14T07:26:00.110Z"}
{"level":"error","message":"Invalid password","timestamp":"2021-11-14T07:26:00.210Z"}
{"level":"error","message":"Validation failed","timestamp":"2021-11-14T07:26:00.217Z"}
{"level":"error","message":"Validation failed","timestamp":"2021-11-14T07:26:00.226Z"}
{"level":"error","message":"Invalid email","timestamp":"2021-11-14T07:26:00.267Z"}
{"_original":{"addedBy":"yashpurwar.yashpurwar@gmail.com","author":"vero","description":"Omnis quia rerum ut eligendi dolore.","title":"quo"},"details":[{"context":{"key":"price","label":"price"},"message":"\"price\" is required","path":["price"],"type":"any.required"}],"level":"error","timestamp":"2021-11-14T07:26:15.731Z"}
{"level":"error","message":"Email already registered","timestamp":"2021-11-14T07:26:16.195Z"}
{"level":"error","message":"validation failed","timestamp":"2021-11-14T07:26:16.202Z"}
{"level":"error","message":"validation failed","timestamp":"2021-11-14T07:26:16.211Z"}
{"level":"error","message":"validation failed","timestamp":"2021-11-14T07:26:16.218Z"}
{"level":"error","message":"Email already registered","timestamp":"2021-11-14T07:26:16.447Z"}
{"level":"error","message":"validation failed","timestamp":"2021-11-14T07:26:16.461Z"}
{"level":"error","message":"validation failed","timestamp":"2021-11-14T07:26:16.475Z"}
{"level":"error","message":"validation failed","timestamp":"2021-11-14T07:26:16.489Z"}
{"level":"error","message":"Invalid email","timestamp":"2021-11-14T07:26:16.627Z"}
{"level":"error","message":"Invalid password","timestamp":"2021-11-14T07:26:16.724Z"}
{"level":"error","message":"Validation failed","timestamp":"2021-11-14T07:26:16.731Z"}
{"level":"error","message":"Validation failed","timestamp":"2021-11-14T07:26:16.738Z"}
{"level":"error","message":"Invalid email","timestamp":"2021-11-14T07:26:16.781Z"}
{"_original":{"addedBy":"yashpurwar.yashpurwar@gmail.com","author":"a","description":"Qui eum dolorem expedita quo dolorem dicta vero quia.","title":"quasi"},"details":[{"context":{"key":"price","label":"price"},"message":"\"price\" is required","path":["price"],"type":"any.required"}],"level":"error","timestamp":"2021-11-14T07:35:49.825Z"}
{"level":"error","message":"Email already registered","timestamp":"2021-11-14T07:35:50.196Z"}
{"level":"error","message":"validation failed","timestamp":"2021-11-14T07:35:50.203Z"}
{"level":"error","message":"validation failed","timestamp":"2021-11-14T07:35:50.216Z"}
{"level":"error","message":"validation failed","timestamp":"2021-11-14T07:35:50.223Z"}
{"level":"error","message":"Email already registered","timestamp":"2021-11-14T07:35:50.429Z"}
{"level":"error","message":"validation failed","timestamp":"2021-11-14T07:35:50.436Z"}
{"level":"error","message":"validation failed","timestamp":"2021-11-14T07:35:50.442Z"}
{"level":"error","message":"validation failed","timestamp":"2021-11-14T07:35:50.451Z"}
{"level":"error","message":"Invalid email","timestamp":"2021-11-14T07:35:50.563Z"}
{"level":"error","message":"Invalid password","timestamp":"2021-11-14T07:35:50.671Z"}
{"level":"error","message":"Validation failed","timestamp":"2021-11-14T07:35:50.678Z"}
{"level":"error","message":"Validation failed","timestamp":"2021-11-14T07:35:50.685Z"}
{"level":"error","message":"Invalid email","timestamp":"2021-11-14T07:35:50.725Z"}
{"_original":{"addedBy":"yashpurwar.yashpurwar@gmail.com","author":"hic","description":"Vero maiores et corporis eius et.","title":"sed"},"details":[{"context":{"key":"price","label":"price"},"message":"\"price\" is required","path":["price"],"type":"any.required"}],"level":"error","timestamp":"2021-11-14T07:37:24.111Z"}
{"level":"error","message":"Email already registered","timestamp":"2021-11-14T07:37:24.625Z"}
{"level":"error","message":"validation failed","timestamp":"2021-11-14T07:37:24.646Z"}
{"level":"error","message":"validation failed","timestamp":"2021-11-14T07:37:24.668Z"}
{"level":"error","message":"validation failed","timestamp":"2021-11-14T07:37:24.691Z"}
{"level":"error","message":"Email already registered","timestamp":"2021-11-14T07:37:24.917Z"}
{"level":"error","message":"validation failed","timestamp":"2021-11-14T07:37:24.924Z"}
{"level":"error","message":"validation failed","timestamp":"2021-11-14T07:37:24.930Z"}
{"level":"error","message":"validation failed","timestamp":"2021-11-14T07:37:24.937Z"}
{"level":"error","message":"Invalid email","timestamp":"2021-11-14T07:37:25.050Z"}
{"level":"error","message":"Invalid password","timestamp":"2021-11-14T07:37:25.151Z"}
{"level":"error","message":"Validation failed","timestamp":"2021-11-14T07:37:25.157Z"}
{"level":"error","message":"Validation failed","timestamp":"2021-11-14T07:37:25.163Z"}
{"level":"error","message":"Invalid email","timestamp":"2021-11-14T07:37:25.208Z"}
{"_original":{"addedBy":"yashpurwar.yashpurwar@gmail.com","author":"vitae","description":"Eos dolor dignissimos ut enim.","title":"atque"},"details":[{"context":{"key":"price","label":"price"},"message":"\"price\" is required","path":["price"],"type":"any.required"}],"level":"error","timestamp":"2021-11-14T07:42:24.889Z"}
{"level":"error","message":"Email already registered","timestamp":"2021-11-14T07:42:25.336Z"}
{"level":"error","message":"validation failed","timestamp":"2021-11-14T07:42:25.343Z"}
{"level":"error","message":"validation failed","timestamp":"2021-11-14T07:42:25.352Z"}
{"level":"error","message":"validation failed","timestamp":"2021-11-14T07:42:25.358Z"}
{"level":"error","message":"Email already registered","timestamp":"2021-11-14T07:42:25.572Z"}
{"level":"error","message":"validation failed","timestamp":"2021-11-14T07:42:25.580Z"}
{"level":"error","message":"validation failed","timestamp":"2021-11-14T07:42:25.588Z"}
{"level":"error","message":"validation failed","timestamp":"2021-11-14T07:42:25.595Z"}
{"level":"error","message":"Invalid email","timestamp":"2021-11-14T07:42:25.709Z"}
{"level":"error","message":"Invalid password","timestamp":"2021-11-14T07:42:25.810Z"}
{"level":"error","message":"Validation failed","timestamp":"2021-11-14T07:42:25.817Z"}
{"level":"error","message":"Validation failed","timestamp":"2021-11-14T07:42:25.823Z"}
{"level":"error","message":"Invalid email","timestamp":"2021-11-14T07:42:25.871Z"}
{"_original":{"addedBy":"yashpurwar.yashpurwar@gmail.com","author":"repudiandae","description":"Et necessitatibus ipsa iure delectus.","title":"atque"},"details":[{"context":{"key":"price","label":"price"},"message":"\"price\" is required","path":["price"],"type":"any.required"}],"level":"error","timestamp":"2021-11-14T07:42:43.008Z"}
{"level":"error","message":"Email already registered","timestamp":"2021-11-14T07:42:43.428Z"}
{"level":"error","message":"validation failed","timestamp":"2021-11-14T07:42:43.435Z"}
{"level":"error","message":"validation failed","timestamp":"2021-11-14T07:42:43.441Z"}
{"level":"error","message":"validation failed","timestamp":"2021-11-14T07:42:43.450Z"}
{"level":"error","message":"Email already registered","timestamp":"2021-11-14T07:42:43.723Z"}
{"level":"error","message":"validation failed","timestamp":"2021-11-14T07:42:43.730Z"}
{"level":"error","message":"validation failed","timestamp":"2021-11-14T07:42:43.736Z"}
{"level":"error","message":"validation failed","timestamp":"2021-11-14T07:42:43.742Z"}
{"level":"error","message":"Invalid email","timestamp":"2021-11-14T07:42:43.855Z"}
{"level":"error","message":"Invalid password","timestamp":"2021-11-14T07:42:43.958Z"}
{"level":"error","message":"Validation failed","timestamp":"2021-11-14T07:42:43.966Z"}
{"level":"error","message":"Validation failed","timestamp":"2021-11-14T07:42:43.972Z"}
{"level":"error","message":"Invalid email","timestamp":"2021-11-14T07:42:44.024Z"}
{"_original":{"addedBy":"yashpurwar.yashpurwar@gmail.com","author":"similique","description":"Est dolorem maxime suscipit adipisci.","title":"sunt"},"details":[{"context":{"key":"price","label":"price"},"message":"\"price\" is required","path":["price"],"type":"any.required"}],"level":"error","timestamp":"2021-11-14T07:43:34.702Z"}
{"level":"error","message":"Email already registered","timestamp":"2021-11-14T07:43:35.175Z"}
{"level":"error","message":"validation failed","timestamp":"2021-11-14T07:43:35.181Z"}
{"level":"error","message":"validation failed","timestamp":"2021-11-14T07:43:35.187Z"}
{"level":"error","message":"validation failed","timestamp":"2021-11-14T07:43:35.196Z"}
{"level":"error","message":"Email already registered","timestamp":"2021-11-14T07:43:35.438Z"}
{"level":"error","message":"validation failed","timestamp":"2021-11-14T07:43:35.450Z"}
{"level":"error","message":"validation failed","timestamp":"2021-11-14T07:43:35.466Z"}
{"level":"error","message":"validation failed","timestamp":"2021-11-14T07:43:35.482Z"}
{"level":"error","message":"Invalid email","timestamp":"2021-11-14T07:43:35.609Z"}
{"level":"error","message":"Invalid password","timestamp":"2021-11-14T07:43:35.709Z"}
{"level":"error","message":"Validation failed","timestamp":"2021-11-14T07:43:35.716Z"}
{"level":"error","message":"Validation failed","timestamp":"2021-11-14T07:43:35.722Z"}
{"level":"error","message":"Invalid email","timestamp":"2021-11-14T07:43:35.765Z"}
{"_original":{"addedBy":"yashpurwar.yashpurwar@gmail.com","author":"necessitatibus","description":"Ea voluptatibus expedita.","title":"id"},"details":[{"context":{"key":"price","label":"price"},"message":"\"price\" is required","path":["price"],"type":"any.required"}],"level":"error","timestamp":"2021-11-14T07:44:11.113Z"}
{"level":"error","message":"Email already registered","timestamp":"2021-11-14T07:44:11.532Z"}
{"level":"error","message":"validation failed","timestamp":"2021-11-14T07:44:11.539Z"}
{"level":"error","message":"validation failed","timestamp":"2021-11-14T07:44:11.545Z"}
{"level":"error","message":"validation failed","timestamp":"2021-11-14T07:44:11.551Z"}
{"level":"error","message":"Email already registered","timestamp":"2021-11-14T07:44:11.751Z"}
{"level":"error","message":"validation failed","timestamp":"2021-11-14T07:44:11.758Z"}
{"level":"error","message":"validation failed","timestamp":"2021-11-14T07:44:11.764Z"}
{"level":"error","message":"validation failed","timestamp":"2021-11-14T07:44:11.771Z"}
{"level":"error","message":"Invalid email","timestamp":"2021-11-14T07:44:11.884Z"}
{"level":"error","message":"Invalid password","timestamp":"2021-11-14T07:44:11.981Z"}
{"level":"error","message":"Validation failed","timestamp":"2021-11-14T07:44:11.988Z"}
{"level":"error","message":"Validation failed","timestamp":"2021-11-14T07:44:11.997Z"}
{"level":"error","message":"Invalid email","timestamp":"2021-11-14T07:44:12.042Z"}
{"_original":{"addedBy":"yashpurwar.yashpurwar@gmail.com","author":"sit","description":"Corrupti veritatis voluptates molestiae illo est.","title":"fugiat"},"details":[{"context":{"key":"price","label":"price"},"message":"\"price\" is required","path":["price"],"type":"any.required"}],"level":"error","timestamp":"2021-11-14T13:30:48.656Z"}
{"level":"error","message":"Email already registered","timestamp":"2021-11-14T13:30:49.673Z"}
{"level":"error","message":"validation failed","timestamp":"2021-11-14T13:30:49.680Z"}
{"level":"error","message":"validation failed","timestamp":"2021-11-14T13:30:49.687Z"}
{"level":"error","message":"validation failed","timestamp":"2021-11-14T13:30:49.696Z"}
{"level":"error","message":"Email already registered","timestamp":"2021-11-14T13:30:49.920Z"}
{"level":"error","message":"validation failed","timestamp":"2021-11-14T13:30:49.928Z"}
{"level":"error","message":"validation failed","timestamp":"2021-11-14T13:30:49.935Z"}
{"level":"error","message":"validation failed","timestamp":"2021-11-14T13:30:49.944Z"}
{"level":"error","message":"Invalid email","timestamp":"2021-11-14T13:30:50.074Z"}
{"level":"error","message":"Invalid password","timestamp":"2021-11-14T13:30:50.185Z"}
{"level":"error","message":"Validation failed","timestamp":"2021-11-14T13:30:50.194Z"}
{"level":"error","message":"Validation failed","timestamp":"2021-11-14T13:30:50.205Z"}
{"level":"error","message":"Invalid email","timestamp":"2021-11-14T13:30:50.620Z"}
{"_original":{"addedBy":"yashpurwar.yashpurwar@gmail.com","author":"veniam","description":"Aut in sed quis et.","title":"cupiditate"},"details":[{"context":{"key":"price","label":"price"},"message":"\"price\" is required","path":["price"],"type":"any.required"}],"level":"error","timestamp":"2021-11-15T02:59:56.893Z"}
{"level":"error","message":"Email already registered","timestamp":"2021-11-15T02:59:57.852Z"}
{"level":"error","message":"validation failed","timestamp":"2021-11-15T02:59:57.860Z"}
{"level":"error","message":"validation failed","timestamp":"2021-11-15T02:59:57.871Z"}
{"level":"error","message":"validation failed","timestamp":"2021-11-15T02:59:57.880Z"}
{"level":"error","message":"Email already registered","timestamp":"2021-11-15T02:59:58.114Z"}
{"level":"error","message":"validation failed","timestamp":"2021-11-15T02:59:58.121Z"}
{"level":"error","message":"validation failed","timestamp":"2021-11-15T02:59:58.129Z"}
{"level":"error","message":"validation failed","timestamp":"2021-11-15T02:59:58.140Z"}
{"level":"error","message":"Invalid email","timestamp":"2021-11-15T02:59:58.266Z"}
{"level":"error","message":"Invalid password","timestamp":"2021-11-15T02:59:58.379Z"}
{"level":"error","message":"Validation failed","timestamp":"2021-11-15T02:59:58.387Z"}
{"level":"error","message":"Validation failed","timestamp":"2021-11-15T02:59:58.394Z"}
{"level":"error","message":"Invalid email","timestamp":"2021-11-15T02:59:58.443Z"}
{"_original":{"addedBy":"yashpurwar.yashpurwar@gmail.com","author":"aut","description":"Qui voluptatem quam voluptas architecto deserunt illum vero totam.","title":"tempora"},"details":[{"context":{"key":"price","label":"price"},"message":"\"price\" is required","path":["price"],"type":"any.required"}],"level":"error","timestamp":"2021-11-15T03:00:49.176Z"}
{"level":"error","message":"Email already registered","timestamp":"2021-11-15T03:00:49.703Z"}
{"level":"error","message":"validation failed","timestamp":"2021-11-15T03:00:49.711Z"}
{"level":"error","message":"validation failed","timestamp":"2021-11-15T03:00:49.721Z"}
{"level":"error","message":"validation failed","timestamp":"2021-11-15T03:00:49.734Z"}
{"level":"error","message":"Email already registered","timestamp":"2021-11-15T03:00:49.970Z"}
{"level":"error","message":"validation failed","timestamp":"2021-11-15T03:00:49.977Z"}
{"level":"error","message":"validation failed","timestamp":"2021-11-15T03:00:49.984Z"}
{"level":"error","message":"validation failed","timestamp":"2021-11-15T03:00:49.991Z"}
{"level":"error","message":"Invalid email","timestamp":"2021-11-15T03:00:50.117Z"}
{"level":"error","message":"Invalid password","timestamp":"2021-11-15T03:00:50.228Z"}
{"level":"error","message":"Validation failed","timestamp":"2021-11-15T03:00:50.235Z"}
{"level":"error","message":"Validation failed","timestamp":"2021-11-15T03:00:50.244Z"}
{"level":"error","message":"Invalid email","timestamp":"2021-11-15T03:00:50.325Z"}
{"_original":{"addedBy":"yashpurwar.yashpurwar@gmail.com","author":"minima","description":"Qui minus molestiae dolor.","title":"quos"},"details":[{"context":{"key":"price","label":"price"},"message":"\"price\" is required","path":["price"],"type":"any.required"}],"level":"error","timestamp":"2021-11-15T03:01:05.685Z"}
{"level":"error","message":"Email already registered","timestamp":"2021-11-15T03:01:06.289Z"}
{"level":"error","message":"validation failed","timestamp":"2021-11-15T03:01:06.296Z"}
{"level":"error","message":"validation failed","timestamp":"2021-11-15T03:01:06.303Z"}
{"level":"error","message":"validation failed","timestamp":"2021-11-15T03:01:06.312Z"}
{"level":"error","message":"Email already registered","timestamp":"2021-11-15T03:01:06.540Z"}
{"level":"error","message":"validation failed","timestamp":"2021-11-15T03:01:06.548Z"}
{"level":"error","message":"validation failed","timestamp":"2021-11-15T03:01:06.556Z"}
{"level":"error","message":"validation failed","timestamp":"2021-11-15T03:01:06.565Z"}
{"level":"error","message":"Invalid email","timestamp":"2021-11-15T03:01:06.697Z"}
{"level":"error","message":"Invalid password","timestamp":"2021-11-15T03:01:06.807Z"}
{"level":"error","message":"Validation failed","timestamp":"2021-11-15T03:01:06.814Z"}
{"level":"error","message":"Validation failed","timestamp":"2021-11-15T03:01:06.821Z"}
{"level":"error","message":"Invalid email","timestamp":"2021-11-15T03:01:06.901Z"}
{"_original":{"addedBy":"yashpurwar.yashpurwar@gmail.com","author":"aut","description":"Alias aut eum.","title":"consequatur"},"details":[{"context":{"key":"price","label":"price"},"message":"\"price\" is required","path":["price"],"type":"any.required"}],"level":"error","timestamp":"2021-11-16T17:03:21.232Z"}
{"level":"error","message":"Email already registered","timestamp":"2021-11-16T17:03:21.872Z"}
{"level":"error","message":"validation failed","timestamp":"2021-11-16T17:03:21.878Z"}
{"level":"error","message":"validation failed","timestamp":"2021-11-16T17:03:21.886Z"}
{"level":"error","message":"validation failed","timestamp":"2021-11-16T17:03:21.898Z"}
{"level":"error","message":"Email already registered","timestamp":"2021-11-16T17:03:22.157Z"}
{"level":"error","message":"validation failed","timestamp":"2021-11-16T17:03:22.166Z"}
{"level":"error","message":"validation failed","timestamp":"2021-11-16T17:03:22.176Z"}
{"level":"error","message":"validation failed","timestamp":"2021-11-16T17:03:22.185Z"}
{"level":"error","message":"Invalid email","timestamp":"2021-11-16T17:03:22.310Z"}
{"level":"error","message":"Invalid password","timestamp":"2021-11-16T17:03:22.417Z"}
{"level":"error","message":"Validation failed","timestamp":"2021-11-16T17:03:22.424Z"}
{"level":"error","message":"Validation failed","timestamp":"2021-11-16T17:03:22.431Z"}
{"level":"error","message":"Invalid email","timestamp":"2021-11-16T17:03:22.510Z"}
