{"level":"info","message":"Book created","timestamp":"2021-11-01T08:09:20.383Z"}
{"level":"info","message":"Fetched successfully","timestamp":"2021-11-01T19:54:40.478Z"}
{"level":"error","message":"internal server error","timestamp":"2021-11-01T19:54:40.492Z"}
{"level":"info","message":"Fetched successfully","timestamp":"2021-11-01T19:55:56.549Z"}
{"level":"error","message":"internal server error","timestamp":"2021-11-01T19:55:56.552Z"}
{"level":"info","message":"Fetched successfully","timestamp":"2021-11-01T19:56:40.643Z"}
{"level":"error","message":"internal server error","timestamp":"2021-11-01T19:56:40.645Z"}
{"level":"info","message":"Fetched successfully","timestamp":"2021-11-01T19:56:57.138Z"}
{"level":"error","message":"internal server error","timestamp":"2021-11-01T19:56:57.141Z"}
{"level":"info","message":"Fetched successfully","timestamp":"2021-11-01T19:57:52.064Z"}
{"level":"error","message":"internal server error","timestamp":"2021-11-01T19:57:52.068Z"}
{"level":"info","message":"Fetched successfully","timestamp":"2021-11-01T19:59:11.433Z"}
{"level":"info","message":"login success","timestamp":"2021-11-01T20:04:40.984Z"}
{"level":"info","message":"Fetched successfully","timestamp":"2021-11-02T09:09:28.693Z"}
{"level":"info","message":"Fetched successfully","timestamp":"2021-11-02T13:35:50.700Z"}
{"level":"info","message":"Fetched successfully","timestamp":"2021-11-02T19:17:36.972Z"}
{"level":"info","message":"Fetched successfully","timestamp":"2021-11-02T19:19:41.955Z"}
{"level":"info","message":"User registered","timestamp":"2021-11-12T13:17:52.284Z"}
{"level":"error","message":"Email already registered","timestamp":"2021-11-12T13:17:52.720Z"}
{"level":"error","message":"validation failed","timestamp":"2021-11-12T13:17:52.745Z"}
{"level":"error","message":"validation failed","timestamp":"2021-11-12T13:17:52.767Z"}
{"level":"error","message":"validation failed","timestamp":"2021-11-12T13:17:52.794Z"}
{"level":"info","message":"User registered","timestamp":"2021-11-12T13:17:52.941Z"}
{"level":"error","message":"Email already registered","timestamp":"2021-11-12T13:17:53.043Z"}
{"level":"error","message":"validation failed","timestamp":"2021-11-12T13:17:53.050Z"}
{"level":"error","message":"validation failed","timestamp":"2021-11-12T13:17:53.059Z"}
{"level":"error","message":"validation failed","timestamp":"2021-11-12T13:17:53.065Z"}
{"level":"info","message":"login success","timestamp":"2021-11-12T13:17:53.585Z"}
{"level":"error","message":"Invalid email","timestamp":"2021-11-12T13:17:53.615Z"}
{"level":"error","message":"Invalid password","timestamp":"2021-11-12T13:17:53.754Z"}
{"level":"error","message":"Validation failed","timestamp":"2021-11-12T13:17:53.761Z"}
{"level":"error","message":"Validation failed","timestamp":"2021-11-12T13:17:53.768Z"}
{"level":"info","message":"Mail sent successfully","timestamp":"2021-11-12T13:17:53.840Z"}
{"level":"error","message":"Invalid email","timestamp":"2021-11-12T13:17:53.901Z"}
{"level":"info","message":"Password reset successful","timestamp":"2021-11-12T13:17:54.155Z"}
{"level":"info","message":"Book created","timestamp":"2021-11-12T13:19:29.155Z"}
{"level":"info","message":"User registered","timestamp":"2021-11-12T13:21:06.200Z"}
{"level":"error","message":"Email already registered","timestamp":"2021-11-12T13:21:06.382Z"}
{"level":"error","message":"validation failed","timestamp":"2021-11-12T13:21:06.392Z"}
{"level":"error","message":"validation failed","timestamp":"2021-11-12T13:21:06.399Z"}
{"level":"error","message":"validation failed","timestamp":"2021-11-12T13:21:06.405Z"}
{"level":"info","message":"User registered","timestamp":"2021-11-12T13:21:06.509Z"}
{"level":"error","message":"Email already registered","timestamp":"2021-11-12T13:21:06.610Z"}
{"level":"error","message":"validation failed","timestamp":"2021-11-12T13:21:06.617Z"}
{"level":"error","message":"validation failed","timestamp":"2021-11-12T13:21:06.630Z"}
{"level":"error","message":"validation failed","timestamp":"2021-11-12T13:21:06.636Z"}
{"level":"info","message":"login success","timestamp":"2021-11-12T13:21:06.749Z"}
{"level":"error","message":"Invalid email","timestamp":"2021-11-12T13:21:06.758Z"}
{"level":"error","message":"Invalid password","timestamp":"2021-11-12T13:21:06.855Z"}
{"level":"error","message":"Validation failed","timestamp":"2021-11-12T13:21:06.861Z"}
{"level":"error","message":"Validation failed","timestamp":"2021-11-12T13:21:06.867Z"}
{"level":"info","message":"Mail sent successfully","timestamp":"2021-11-12T13:21:06.890Z"}
{"level":"error","message":"Invalid email","timestamp":"2021-11-12T13:21:06.908Z"}
{"level":"info","message":"Password reset successful","timestamp":"2021-11-12T13:21:07.022Z"}
{"level":"info","message":"User registered","timestamp":"2021-11-12T13:23:24.859Z"}
{"level":"error","message":"Email already registered","timestamp":"2021-11-12T13:23:24.963Z"}
{"level":"error","message":"validation failed","timestamp":"2021-11-12T13:23:24.971Z"}
{"level":"error","message":"validation failed","timestamp":"2021-11-12T13:23:24.978Z"}
{"level":"error","message":"validation failed","timestamp":"2021-11-12T13:23:24.987Z"}
{"level":"info","message":"User registered","timestamp":"2021-11-12T13:23:25.102Z"}
{"level":"error","message":"Email already registered","timestamp":"2021-11-12T13:23:25.202Z"}
{"level":"error","message":"validation failed","timestamp":"2021-11-12T13:23:25.208Z"}
{"level":"error","message":"validation failed","timestamp":"2021-11-12T13:23:25.220Z"}
{"level":"error","message":"validation failed","timestamp":"2021-11-12T13:23:25.227Z"}
{"level":"info","message":"login success","timestamp":"2021-11-12T13:23:25.352Z"}
{"level":"error","message":"Invalid email","timestamp":"2021-11-12T13:23:25.370Z"}
{"level":"error","message":"Invalid password","timestamp":"2021-11-12T13:23:25.483Z"}
{"level":"error","message":"Validation failed","timestamp":"2021-11-12T13:23:25.490Z"}
{"level":"error","message":"Validation failed","timestamp":"2021-11-12T13:23:25.497Z"}
{"level":"info","message":"Mail sent successfully","timestamp":"2021-11-12T13:23:25.520Z"}
{"level":"error","message":"Invalid email","timestamp":"2021-11-12T13:23:25.538Z"}
{"level":"info","message":"Password reset successful","timestamp":"2021-11-12T13:23:25.659Z"}
{"level":"info","message":"User registered","timestamp":"2021-11-12T13:25:11.057Z"}
{"level":"error","message":"Email already registered","timestamp":"2021-11-12T13:25:11.160Z"}
{"level":"error","message":"validation failed","timestamp":"2021-11-12T13:25:11.169Z"}
{"level":"error","message":"validation failed","timestamp":"2021-11-12T13:25:11.177Z"}
{"level":"error","message":"validation failed","timestamp":"2021-11-12T13:25:11.184Z"}
{"level":"info","message":"User registered","timestamp":"2021-11-12T13:25:11.292Z"}
{"level":"error","message":"Email already registered","timestamp":"2021-11-12T13:25:11.399Z"}
{"level":"error","message":"validation failed","timestamp":"2021-11-12T13:25:11.406Z"}
{"level":"error","message":"validation failed","timestamp":"2021-11-12T13:25:11.418Z"}
{"level":"error","message":"validation failed","timestamp":"2021-11-12T13:25:11.427Z"}
{"level":"info","message":"login success","timestamp":"2021-11-12T13:25:11.540Z"}
{"level":"error","message":"Invalid email","timestamp":"2021-11-12T13:25:11.548Z"}
{"level":"error","message":"Invalid password","timestamp":"2021-11-12T13:25:11.648Z"}
{"level":"error","message":"Validation failed","timestamp":"2021-11-12T13:25:11.656Z"}
{"level":"error","message":"Validation failed","timestamp":"2021-11-12T13:25:11.662Z"}
{"level":"info","message":"Mail sent successfully","timestamp":"2021-11-12T13:25:11.682Z"}
{"level":"error","message":"Invalid email","timestamp":"2021-11-12T13:25:11.695Z"}
{"level":"info","message":"Password reset successful","timestamp":"2021-11-12T13:25:11.807Z"}
{"level":"info","message":"User registered","timestamp":"2021-11-12T13:26:02.804Z"}
{"level":"error","message":"Email already registered","timestamp":"2021-11-12T13:26:02.934Z"}
{"level":"error","message":"validation failed","timestamp":"2021-11-12T13:26:02.947Z"}
{"level":"error","message":"validation failed","timestamp":"2021-11-12T13:26:02.957Z"}
{"level":"error","message":"validation failed","timestamp":"2021-11-12T13:26:02.970Z"}
{"level":"info","message":"User registered","timestamp":"2021-11-12T13:26:03.135Z"}
{"level":"error","message":"Email already registered","timestamp":"2021-11-12T13:26:03.248Z"}
{"level":"error","message":"validation failed","timestamp":"2021-11-12T13:26:03.255Z"}
{"level":"error","message":"validation failed","timestamp":"2021-11-12T13:26:03.261Z"}
{"level":"error","message":"validation failed","timestamp":"2021-11-12T13:26:03.268Z"}
{"level":"info","message":"login success","timestamp":"2021-11-12T13:26:03.387Z"}
{"level":"error","message":"Invalid email","timestamp":"2021-11-12T13:26:03.395Z"}
{"level":"error","message":"Invalid password","timestamp":"2021-11-12T13:26:03.500Z"}
{"level":"error","message":"Validation failed","timestamp":"2021-11-12T13:26:03.506Z"}
{"level":"error","message":"Validation failed","timestamp":"2021-11-12T13:26:03.512Z"}
{"level":"info","message":"Mail sent successfully","timestamp":"2021-11-12T13:26:03.536Z"}
{"level":"error","message":"Invalid email","timestamp":"2021-11-12T13:26:03.553Z"}
{"level":"info","message":"Password reset successful","timestamp":"2021-11-12T13:26:03.666Z"}
{"level":"info","message":"User registered","timestamp":"2021-11-12T13:31:24.751Z"}
{"level":"error","message":"Email already registered","timestamp":"2021-11-12T13:31:24.884Z"}
{"level":"error","message":"validation failed","timestamp":"2021-11-12T13:31:24.894Z"}
{"level":"error","message":"validation failed","timestamp":"2021-11-12T13:31:24.901Z"}
{"level":"error","message":"validation failed","timestamp":"2021-11-12T13:31:24.909Z"}
{"level":"info","message":"User registered","timestamp":"2021-11-12T13:31:25.040Z"}
{"level":"error","message":"Email already registered","timestamp":"2021-11-12T13:31:25.146Z"}
{"level":"error","message":"validation failed","timestamp":"2021-11-12T13:31:25.153Z"}
{"level":"error","message":"validation failed","timestamp":"2021-11-12T13:31:25.162Z"}
{"level":"error","message":"validation failed","timestamp":"2021-11-12T13:31:25.169Z"}
{"level":"info","message":"login success","timestamp":"2021-11-12T13:31:25.290Z"}
{"level":"error","message":"Invalid email","timestamp":"2021-11-12T13:31:25.300Z"}
{"level":"error","message":"Invalid password","timestamp":"2021-11-12T13:31:25.402Z"}
{"level":"error","message":"Validation failed","timestamp":"2021-11-12T13:31:25.409Z"}
{"level":"error","message":"Validation failed","timestamp":"2021-11-12T13:31:25.416Z"}
{"level":"info","message":"Mail sent successfully","timestamp":"2021-11-12T13:31:25.436Z"}
{"level":"error","message":"Invalid email","timestamp":"2021-11-12T13:31:25.468Z"}
{"level":"info","message":"Password reset successful","timestamp":"2021-11-12T13:31:25.601Z"}
{"level":"info","message":"User registered","timestamp":"2021-11-12T13:32:40.045Z"}
{"level":"error","message":"Email already registered","timestamp":"2021-11-12T13:32:40.151Z"}
{"level":"error","message":"validation failed","timestamp":"2021-11-12T13:32:40.160Z"}
{"level":"error","message":"validation failed","timestamp":"2021-11-12T13:32:40.168Z"}
{"level":"error","message":"validation failed","timestamp":"2021-11-12T13:32:40.177Z"}
{"level":"info","message":"User registered","timestamp":"2021-11-12T13:32:40.297Z"}
{"level":"error","message":"Email already registered","timestamp":"2021-11-12T13:32:40.397Z"}
{"level":"error","message":"validation failed","timestamp":"2021-11-12T13:32:40.406Z"}
{"level":"error","message":"validation failed","timestamp":"2021-11-12T13:32:40.415Z"}
{"level":"error","message":"validation failed","timestamp":"2021-11-12T13:32:40.428Z"}
{"level":"info","message":"login success","timestamp":"2021-11-12T13:32:40.559Z"}
{"level":"error","message":"Invalid email","timestamp":"2021-11-12T13:32:40.568Z"}
{"level":"error","message":"Invalid password","timestamp":"2021-11-12T13:32:40.671Z"}
{"level":"error","message":"Validation failed","timestamp":"2021-11-12T13:32:40.677Z"}
{"level":"error","message":"Validation failed","timestamp":"2021-11-12T13:32:40.683Z"}
{"level":"info","message":"Mail sent successfully","timestamp":"2021-11-12T13:32:40.707Z"}
{"level":"error","message":"Invalid email","timestamp":"2021-11-12T13:32:40.718Z"}
{"level":"info","message":"Password reset successful","timestamp":"2021-11-12T13:32:40.829Z"}
{"level":"info","message":"User registered","timestamp":"2021-11-12T13:36:03.477Z"}
{"level":"error","message":"Email already registered","timestamp":"2021-11-12T13:36:03.592Z"}
{"level":"error","message":"validation failed","timestamp":"2021-11-12T13:36:03.601Z"}
{"level":"error","message":"validation failed","timestamp":"2021-11-12T13:36:03.613Z"}
{"level":"error","message":"validation failed","timestamp":"2021-11-12T13:36:03.622Z"}
{"level":"info","message":"User registered","timestamp":"2021-11-12T13:36:03.751Z"}
{"level":"error","message":"Email already registered","timestamp":"2021-11-12T13:36:03.857Z"}
{"level":"error","message":"validation failed","timestamp":"2021-11-12T13:36:03.864Z"}
{"level":"error","message":"validation failed","timestamp":"2021-11-12T13:36:03.873Z"}
{"level":"error","message":"validation failed","timestamp":"2021-11-12T13:36:03.883Z"}
{"level":"info","message":"login success","timestamp":"2021-11-12T13:36:04.009Z"}
{"level":"error","message":"Invalid email","timestamp":"2021-11-12T13:36:04.025Z"}
{"level":"error","message":"Invalid password","timestamp":"2021-11-12T13:36:04.134Z"}
{"level":"error","message":"Validation failed","timestamp":"2021-11-12T13:36:04.140Z"}
{"level":"error","message":"Validation failed","timestamp":"2021-11-12T13:36:04.146Z"}
{"level":"info","message":"Mail sent successfully","timestamp":"2021-11-12T13:36:04.168Z"}
{"level":"error","message":"Invalid email","timestamp":"2021-11-12T13:36:04.206Z"}
{"level":"info","message":"Password reset successful","timestamp":"2021-11-12T13:36:04.319Z"}
{"level":"info","message":"Book created","timestamp":"2021-11-12T16:32:51.197Z"}
{"level":"info","message":"Book created","timestamp":"2021-11-12T16:37:43.641Z"}
{"level":"info","message":"Book created","timestamp":"2021-11-12T16:40:14.733Z"}
{"level":"info","message":"User registered","timestamp":"2021-11-12T16:40:14.858Z"}
{"level":"error","message":"Email already registered","timestamp":"2021-11-12T16:40:14.961Z"}
{"level":"error","message":"validation failed","timestamp":"2021-11-12T16:40:14.980Z"}
{"level":"error","message":"validation failed","timestamp":"2021-11-12T16:40:14.998Z"}
{"level":"error","message":"validation failed","timestamp":"2021-11-12T16:40:15.016Z"}
{"level":"info","message":"User registered","timestamp":"2021-11-12T16:40:15.166Z"}
{"level":"error","message":"Email already registered","timestamp":"2021-11-12T16:40:15.311Z"}
{"level":"error","message":"validation failed","timestamp":"2021-11-12T16:40:15.319Z"}
{"level":"error","message":"validation failed","timestamp":"2021-11-12T16:40:15.326Z"}
{"level":"error","message":"validation failed","timestamp":"2021-11-12T16:40:15.337Z"}
{"level":"info","message":"login success","timestamp":"2021-11-12T16:40:15.509Z"}
{"level":"error","message":"Invalid email","timestamp":"2021-11-12T16:40:15.518Z"}
{"level":"error","message":"Invalid password","timestamp":"2021-11-12T16:40:15.620Z"}
{"level":"error","message":"Validation failed","timestamp":"2021-11-12T16:40:15.632Z"}
{"level":"error","message":"Validation failed","timestamp":"2021-11-12T16:40:15.645Z"}
{"level":"info","message":"Mail sent successfully","timestamp":"2021-11-12T16:40:15.691Z"}
{"level":"error","message":"Invalid email","timestamp":"2021-11-12T16:40:15.705Z"}
{"level":"info","message":"Password reset successful","timestamp":"2021-11-12T16:40:15.874Z"}
{"level":"info","message":"Book created","timestamp":"2021-11-12T16:40:50.415Z"}
{"level":"info","message":"Book created","timestamp":"2021-11-12T16:43:29.323Z"}
{"level":"info","message":"Book created","timestamp":"2021-11-12T16:43:50.117Z"}
{"_original":{"addedBy":"yashpurwar.yashpurwar@gmail.com","author":"eum","description":"Eos voluptas eum.","title":"voluptatem"},"details":[{"context":{"key":"price","label":"price"},"message":"\"price\" is required","path":["price"],"type":"any.required"}],"level":"error","timestamp":"2021-11-12T16:43:50.154Z"}
{"level":"info","message":"Book created","timestamp":"2021-11-12T16:45:00.743Z"}
{"_original":{"addedBy":"yashpurwar.yashpurwar@gmail.com","author":"eveniet","description":"Dolorem sint doloribus iusto numquam earum consequatur aliquam in.","title":"quaerat"},"details":[{"context":{"key":"price","label":"price"},"message":"\"price\" is required","path":["price"],"type":"any.required"}],"level":"error","timestamp":"2021-11-12T16:45:00.776Z"}
{"level":"info","message":"Book created","timestamp":"2021-11-12T16:49:47.355Z"}
{"_original":{"addedBy":"yashpurwar.yashpurwar@gmail.com","author":"debitis","description":"Qui corrupti consequuntur laudantium id voluptas quasi ullam in.","title":"cum"},"details":[{"context":{"key":"price","label":"price"},"message":"\"price\" is required","path":["price"],"type":"any.required"}],"level":"error","timestamp":"2021-11-12T16:49:47.391Z"}
{"level":"info","message":"Book created","timestamp":"2021-11-12T16:50:11.558Z"}
{"_original":{"addedBy":"yashpurwar.yashpurwar@gmail.com","author":"voluptates","description":"Dolorem et quisquam.","title":"animi"},"details":[{"context":{"key":"price","label":"price"},"message":"\"price\" is required","path":["price"],"type":"any.required"}],"level":"error","timestamp":"2021-11-12T16:50:11.586Z"}
{"level":"info","message":"Book created","timestamp":"2021-11-12T16:50:29.044Z"}
{"_original":{"addedBy":"yashpurwar.yashpurwar@gmail.com","author":"praesentium","description":"Rerum nihil repellat nisi ipsam.","title":"eligendi"},"details":[{"context":{"key":"price","label":"price"},"message":"\"price\" is required","path":["price"],"type":"any.required"}],"level":"error","timestamp":"2021-11-12T16:50:29.073Z"}
{"level":"info","message":"Fetched successfully","timestamp":"2021-11-12T16:50:29.102Z"}
{"level":"info","message":"Book created","timestamp":"2021-11-12T16:50:44.815Z"}
{"_original":{"addedBy":"yashpurwar.yashpurwar@gmail.com","author":"voluptatem","description":"Pariatur unde architecto aut qui quia itaque.","title":"nobis"},"details":[{"context":{"key":"price","label":"price"},"message":"\"price\" is required","path":["price"],"type":"any.required"}],"level":"error","timestamp":"2021-11-12T16:50:44.849Z"}
{"level":"info","message":"Fetched successfully","timestamp":"2021-11-12T16:50:44.882Z"}
{"level":"info","message":"Book created","timestamp":"2021-11-12T16:54:27.400Z"}
{"_original":{"addedBy":"yashpurwar.yashpurwar@gmail.com","author":"in","description":"Vitae sunt omnis quas ut iusto molestias et ab.","title":"delectus"},"details":[{"context":{"key":"price","label":"price"},"message":"\"price\" is required","path":["price"],"type":"any.required"}],"level":"error","timestamp":"2021-11-12T16:54:27.430Z"}
{"level":"info","message":"Fetched successfully","timestamp":"2021-11-12T16:54:27.490Z"}
{"level":"info","message":"Book created","timestamp":"2021-11-12T16:54:57.903Z"}
{"_original":{"addedBy":"yashpurwar.yashpurwar@gmail.com","author":"ut","description":"Excepturi sit rem commodi at facilis.","title":"omnis"},"details":[{"context":{"key":"price","label":"price"},"message":"\"price\" is required","path":["price"],"type":"any.required"}],"level":"error","timestamp":"2021-11-12T16:54:57.932Z"}
{"level":"info","message":"Fetched successfully","timestamp":"2021-11-12T16:54:57.972Z"}
{"level":"info","message":"Fetched successfully","timestamp":"2021-11-12T18:33:20.455Z"}
{"level":"info","message":"Book created","timestamp":"2021-11-12T18:38:47.089Z"}
{"_original":{"addedBy":"yashpurwar.yashpurwar@gmail.com","author":"aspernatur","description":"Architecto et voluptas enim dolor unde sint ut.","title":"quaerat"},"details":[{"context":{"key":"price","label":"price"},"message":"\"price\" is required","path":["price"],"type":"any.required"}],"level":"error","timestamp":"2021-11-12T18:38:47.125Z"}
{"level":"info","message":"Fetched successfully","timestamp":"2021-11-12T18:38:47.167Z"}
{"level":"info","message":"Updated successfully","timestamp":"2021-11-12T18:38:47.198Z"}
{"level":"info","message":"Book created","timestamp":"2021-11-12T18:42:25.614Z"}
{"_original":{"addedBy":"yashpurwar.yashpurwar@gmail.com","author":"facere","description":"Voluptatem eveniet neque ut ut.","title":"totam"},"details":[{"context":{"key":"price","label":"price"},"message":"\"price\" is required","path":["price"],"type":"any.required"}],"level":"error","timestamp":"2021-11-12T18:42:25.665Z"}
{"level":"info","message":"Fetched successfully","timestamp":"2021-11-12T18:42:25.720Z"}
{"level":"info","message":"Updated successfully","timestamp":"2021-11-12T18:42:25.755Z"}
{"level":"info","message":"Book created","timestamp":"2021-11-12T18:46:55.867Z"}
{"_original":{"addedBy":"yashpurwar.yashpurwar@gmail.com","author":"sint","description":"Est tenetur nobis aut dolorem delectus saepe aliquid.","title":"quam"},"details":[{"context":{"key":"price","label":"price"},"message":"\"price\" is required","path":["price"],"type":"any.required"}],"level":"error","timestamp":"2021-11-12T18:46:55.897Z"}
{"level":"info","message":"Fetched successfully","timestamp":"2021-11-12T18:46:55.949Z"}
{"level":"info","message":"Updated successfully","timestamp":"2021-11-12T18:46:55.978Z"}
{"level":"info","message":"Book created","timestamp":"2021-11-12T18:47:40.364Z"}
{"_original":{"addedBy":"yashpurwar.yashpurwar@gmail.com","author":"molestiae","description":"Repudiandae esse eveniet sed voluptate.","title":"ex"},"details":[{"context":{"key":"price","label":"price"},"message":"\"price\" is required","path":["price"],"type":"any.required"}],"level":"error","timestamp":"2021-11-12T18:47:40.397Z"}
{"level":"info","message":"Fetched successfully","timestamp":"2021-11-12T18:47:40.441Z"}
{"level":"info","message":"Updated successfully","timestamp":"2021-11-12T18:47:40.468Z"}
{"level":"info","message":"Deleted successful","timestamp":"2021-11-12T18:47:40.498Z"}
{"level":"info","message":"Book created","timestamp":"2021-11-12T18:49:01.846Z"}
{"_original":{"addedBy":"yashpurwar.yashpurwar@gmail.com","author":"voluptates","description":"Qui error et eos rem consequatur.","title":"qui"},"details":[{"context":{"key":"price","label":"price"},"message":"\"price\" is required","path":["price"],"type":"any.required"}],"level":"error","timestamp":"2021-11-12T18:49:01.878Z"}
{"level":"info","message":"Fetched successfully","timestamp":"2021-11-12T18:49:01.916Z"}
{"level":"info","message":"Updated successfully","timestamp":"2021-11-12T18:49:01.948Z"}
{"level":"info","message":"Deleted successful","timestamp":"2021-11-12T18:49:01.979Z"}
{"level":"info","message":"Book created","timestamp":"2021-11-12T18:49:26.684Z"}
{"_original":{"addedBy":"yashpurwar.yashpurwar@gmail.com","author":"illo","description":"Temporibus nemo et voluptas temporibus enim qui nihil sit consequuntur.","title":"nobis"},"details":[{"context":{"key":"price","label":"price"},"message":"\"price\" is required","path":["price"],"type":"any.required"}],"level":"error","timestamp":"2021-11-12T18:49:26.713Z"}
{"level":"info","message":"Fetched successfully","timestamp":"2021-11-12T18:49:26.757Z"}
{"level":"info","message":"Updated successfully","timestamp":"2021-11-12T18:49:26.783Z"}
{"level":"info","message":"Deleted successful","timestamp":"2021-11-12T18:49:26.813Z"}
{"level":"info","message":"User registered","timestamp":"2021-11-14T04:38:21.237Z"}
{"level":"info","message":"User registered","timestamp":"2021-11-14T04:38:43.469Z"}
{"level":"info","message":"login success","timestamp":"2021-11-14T04:39:18.870Z"}
{"level":"info","message":"Book created","timestamp":"2021-11-14T04:39:38.650Z"}
{"level":"info","message":"Book created","timestamp":"2021-11-14T04:42:41.856Z"}
{"level":"info","message":"Deleted successful","timestamp":"2021-11-14T04:43:14.750Z"}
{"level":"info","message":"Book created","timestamp":"2021-11-14T07:22:53.702Z"}
{"_original":{"addedBy":"yashpurwar.yashpurwar@gmail.com","author":"placeat","description":"Similique ut expedita dolorem culpa magnam saepe.","title":"sunt"},"details":[{"context":{"key":"price","label":"price"},"message":"\"price\" is required","path":["price"],"type":"any.required"}],"level":"error","timestamp":"2021-11-14T07:22:53.745Z"}
{"level":"info","message":"Fetched successfully","timestamp":"2021-11-14T07:22:53.807Z"}
{"level":"info","message":"Updated successfully","timestamp":"2021-11-14T07:22:53.841Z"}
{"level":"info","message":"Deleted successful","timestamp":"2021-11-14T07:22:53.864Z"}
{"level":"info","message":"User registered","timestamp":"2021-11-14T07:22:54.028Z"}
{"level":"error","message":"Email already registered","timestamp":"2021-11-14T07:22:54.129Z"}
{"level":"error","message":"validation failed","timestamp":"2021-11-14T07:22:54.137Z"}
{"level":"error","message":"validation failed","timestamp":"2021-11-14T07:22:54.143Z"}
{"level":"error","message":"validation failed","timestamp":"2021-11-14T07:22:54.150Z"}
{"level":"info","message":"User registered","timestamp":"2021-11-14T07:22:54.255Z"}
{"level":"error","message":"Email already registered","timestamp":"2021-11-14T07:22:54.355Z"}
{"level":"error","message":"validation failed","timestamp":"2021-11-14T07:22:54.361Z"}
{"level":"error","message":"validation failed","timestamp":"2021-11-14T07:22:54.369Z"}
{"level":"error","message":"validation failed","timestamp":"2021-11-14T07:22:54.377Z"}
{"level":"info","message":"login success","timestamp":"2021-11-14T07:22:54.482Z"}
{"level":"error","message":"Invalid email","timestamp":"2021-11-14T07:22:54.492Z"}
{"level":"error","message":"Invalid password","timestamp":"2021-11-14T07:22:54.592Z"}
{"level":"error","message":"Validation failed","timestamp":"2021-11-14T07:22:54.598Z"}
{"level":"error","message":"Validation failed","timestamp":"2021-11-14T07:22:54.607Z"}
{"level":"info","message":"Mail sent successfully","timestamp":"2021-11-14T07:22:54.641Z"}
{"level":"error","message":"Invalid email","timestamp":"2021-11-14T07:22:54.663Z"}
{"level":"info","message":"Password reset successful","timestamp":"2021-11-14T07:22:54.774Z"}
{"level":"info","message":"Book created","timestamp":"2021-11-14T07:23:52.372Z"}
{"_original":{"addedBy":"yashpurwar.yashpurwar@gmail.com","author":"aspernatur","description":"Delectus vero consequuntur quisquam.","title":"aut"},"details":[{"context":{"key":"price","label":"price"},"message":"\"price\" is required","path":["price"],"type":"any.required"}],"level":"error","timestamp":"2021-11-14T07:23:52.408Z"}
{"level":"info","message":"Fetched successfully","timestamp":"2021-11-14T07:23:52.447Z"}
{"level":"info","message":"Updated successfully","timestamp":"2021-11-14T07:23:52.477Z"}
{"level":"info","message":"Deleted successful","timestamp":"2021-11-14T07:23:52.502Z"}
{"level":"info","message":"User registered","timestamp":"2021-11-14T07:23:52.641Z"}
{"level":"error","message":"Email already registered","timestamp":"2021-11-14T07:23:52.741Z"}
{"level":"error","message":"validation failed","timestamp":"2021-11-14T07:23:52.748Z"}
{"level":"error","message":"validation failed","timestamp":"2021-11-14T07:23:52.755Z"}
{"level":"error","message":"validation failed","timestamp":"2021-11-14T07:23:52.761Z"}
{"level":"info","message":"User registered","timestamp":"2021-11-14T07:23:52.880Z"}
{"level":"error","message":"Email already registered","timestamp":"2021-11-14T07:23:53.056Z"}
{"level":"error","message":"validation failed","timestamp":"2021-11-14T07:23:53.062Z"}
{"level":"error","message":"validation failed","timestamp":"2021-11-14T07:23:53.071Z"}
{"level":"error","message":"validation failed","timestamp":"2021-11-14T07:23:53.077Z"}
{"level":"info","message":"login success","timestamp":"2021-11-14T07:23:53.190Z"}
{"level":"error","message":"Invalid email","timestamp":"2021-11-14T07:23:53.207Z"}
{"level":"error","message":"Invalid password","timestamp":"2021-11-14T07:23:53.364Z"}
{"level":"error","message":"Validation failed","timestamp":"2021-11-14T07:23:53.370Z"}
{"level":"error","message":"Validation failed","timestamp":"2021-11-14T07:23:53.379Z"}
{"level":"info","message":"Mail sent successfully","timestamp":"2021-11-14T07:23:53.413Z"}
{"level":"error","message":"Invalid email","timestamp":"2021-11-14T07:23:53.432Z"}
{"level":"info","message":"Password reset successful","timestamp":"2021-11-14T07:23:53.543Z"}
{"level":"info","message":"Book created","timestamp":"2021-11-14T07:24:24.938Z"}
{"_original":{"addedBy":"yashpurwar.yashpurwar@gmail.com","author":"cumque","description":"Mollitia est blanditiis.","title":"fugit"},"details":[{"context":{"key":"price","label":"price"},"message":"\"price\" is required","path":["price"],"type":"any.required"}],"level":"error","timestamp":"2021-11-14T07:24:24.975Z"}
{"level":"info","message":"Fetched successfully","timestamp":"2021-11-14T07:24:25.030Z"}
{"level":"info","message":"Updated successfully","timestamp":"2021-11-14T07:24:25.073Z"}
{"level":"info","message":"Deleted successful","timestamp":"2021-11-14T07:24:25.097Z"}
{"level":"info","message":"User registered","timestamp":"2021-11-14T07:24:25.264Z"}
{"level":"error","message":"Email already registered","timestamp":"2021-11-14T07:24:25.375Z"}
{"level":"error","message":"validation failed","timestamp":"2021-11-14T07:24:25.382Z"}
{"level":"error","message":"validation failed","timestamp":"2021-11-14T07:24:25.388Z"}
{"level":"error","message":"validation failed","timestamp":"2021-11-14T07:24:25.396Z"}
{"level":"info","message":"User registered","timestamp":"2021-11-14T07:24:25.504Z"}
{"level":"error","message":"Email already registered","timestamp":"2021-11-14T07:24:25.607Z"}
{"level":"error","message":"validation failed","timestamp":"2021-11-14T07:24:25.615Z"}
{"level":"error","message":"validation failed","timestamp":"2021-11-14T07:24:25.620Z"}
{"level":"error","message":"validation failed","timestamp":"2021-11-14T07:24:25.627Z"}
{"level":"info","message":"login success","timestamp":"2021-11-14T07:24:25.739Z"}
{"level":"error","message":"Invalid email","timestamp":"2021-11-14T07:24:25.748Z"}
{"level":"error","message":"Invalid password","timestamp":"2021-11-14T07:24:25.850Z"}
{"level":"error","message":"Validation failed","timestamp":"2021-11-14T07:24:25.857Z"}
{"level":"error","message":"Validation failed","timestamp":"2021-11-14T07:24:25.865Z"}
{"level":"info","message":"Mail sent successfully","timestamp":"2021-11-14T07:24:25.889Z"}
{"level":"error","message":"Invalid email","timestamp":"2021-11-14T07:24:25.910Z"}
{"level":"info","message":"Password reset successful","timestamp":"2021-11-14T07:24:26.020Z"}
{"level":"info","message":"Book created","timestamp":"2021-11-14T07:25:59.328Z"}
{"_original":{"addedBy":"yashpurwar.yashpurwar@gmail.com","author":"accusamus","description":"Et modi facere eligendi.","title":"deleniti"},"details":[{"context":{"key":"price","label":"price"},"message":"\"price\" is required","path":["price"],"type":"any.required"}],"level":"error","timestamp":"2021-11-14T07:25:59.360Z"}
{"level":"info","message":"Fetched successfully","timestamp":"2021-11-14T07:25:59.397Z"}
{"level":"info","message":"Updated successfully","timestamp":"2021-11-14T07:25:59.429Z"}
{"level":"info","message":"Deleted successful","timestamp":"2021-11-14T07:25:59.451Z"}
{"level":"info","message":"User registered","timestamp":"2021-11-14T07:25:59.635Z"}
{"level":"error","message":"Email already registered","timestamp":"2021-11-14T07:25:59.738Z"}
{"level":"error","message":"validation failed","timestamp":"2021-11-14T07:25:59.745Z"}
{"level":"error","message":"validation failed","timestamp":"2021-11-14T07:25:59.751Z"}
{"level":"error","message":"validation failed","timestamp":"2021-11-14T07:25:59.760Z"}
{"level":"info","message":"User registered","timestamp":"2021-11-14T07:25:59.861Z"}
{"level":"error","message":"Email already registered","timestamp":"2021-11-14T07:25:59.960Z"}
{"level":"error","message":"validation failed","timestamp":"2021-11-14T07:25:59.966Z"}
{"level":"error","message":"validation failed","timestamp":"2021-11-14T07:25:59.975Z"}
{"level":"error","message":"validation failed","timestamp":"2021-11-14T07:25:59.981Z"}
{"level":"info","message":"login success","timestamp":"2021-11-14T07:26:00.102Z"}
{"level":"error","message":"Invalid email","timestamp":"2021-11-14T07:26:00.110Z"}
{"level":"error","message":"Invalid password","timestamp":"2021-11-14T07:26:00.210Z"}
{"level":"error","message":"Validation failed","timestamp":"2021-11-14T07:26:00.217Z"}
{"level":"error","message":"Validation failed","timestamp":"2021-11-14T07:26:00.226Z"}
{"level":"info","message":"Mail sent successfully","timestamp":"2021-11-14T07:26:00.247Z"}
{"level":"error","message":"Invalid email","timestamp":"2021-11-14T07:26:00.267Z"}
{"level":"info","message":"Password reset successful","timestamp":"2021-11-14T07:26:00.373Z"}
{"level":"info","message":"Book created","timestamp":"2021-11-14T07:26:15.695Z"}
{"_original":{"addedBy":"yashpurwar.yashpurwar@gmail.com","author":"vero","description":"Omnis quia rerum ut eligendi dolore.","title":"quo"},"details":[{"context":{"key":"price","label":"price"},"message":"\"price\" is required","path":["price"],"type":"any.required"}],"level":"error","timestamp":"2021-11-14T07:26:15.731Z"}
{"level":"info","message":"Fetched successfully","timestamp":"2021-11-14T07:26:15.784Z"}
{"level":"info","message":"Updated successfully","timestamp":"2021-11-14T07:26:15.821Z"}
{"level":"info","message":"Deleted successful","timestamp":"2021-11-14T07:26:15.850Z"}
{"level":"info","message":"User registered","timestamp":"2021-11-14T07:26:16.052Z"}
{"level":"error","message":"Email already registered","timestamp":"2021-11-14T07:26:16.195Z"}
{"level":"error","message":"validation failed","timestamp":"2021-11-14T07:26:16.202Z"}
{"level":"error","message":"validation failed","timestamp":"2021-11-14T07:26:16.211Z"}
{"level":"error","message":"validation failed","timestamp":"2021-11-14T07:26:16.218Z"}
{"level":"info","message":"User registered","timestamp":"2021-11-14T07:26:16.323Z"}
{"level":"error","message":"Email already registered","timestamp":"2021-11-14T07:26:16.447Z"}
{"level":"error","message":"validation failed","timestamp":"2021-11-14T07:26:16.461Z"}
{"level":"error","message":"validation failed","timestamp":"2021-11-14T07:26:16.474Z"}
{"level":"error","message":"validation failed","timestamp":"2021-11-14T07:26:16.489Z"}
{"level":"info","message":"login success","timestamp":"2021-11-14T07:26:16.619Z"}
{"level":"error","message":"Invalid email","timestamp":"2021-11-14T07:26:16.627Z"}
{"level":"error","message":"Invalid password","timestamp":"2021-11-14T07:26:16.724Z"}
{"level":"error","message":"Validation failed","timestamp":"2021-11-14T07:26:16.731Z"}
{"level":"error","message":"Validation failed","timestamp":"2021-11-14T07:26:16.738Z"}
{"level":"info","message":"Mail sent successfully","timestamp":"2021-11-14T07:26:16.762Z"}
{"level":"error","message":"Invalid email","timestamp":"2021-11-14T07:26:16.781Z"}
{"level":"info","message":"Password reset successful","timestamp":"2021-11-14T07:26:16.895Z"}
{"level":"info","message":"Book created","timestamp":"2021-11-14T07:35:49.790Z"}
{"_original":{"addedBy":"yashpurwar.yashpurwar@gmail.com","author":"a","description":"Qui eum dolorem expedita quo dolorem dicta vero quia.","title":"quasi"},"details":[{"context":{"key":"price","label":"price"},"message":"\"price\" is required","path":["price"],"type":"any.required"}],"level":"error","timestamp":"2021-11-14T07:35:49.824Z"}
{"level":"info","message":"Fetched successfully","timestamp":"2021-11-14T07:35:49.862Z"}
{"level":"info","message":"Updated successfully","timestamp":"2021-11-14T07:35:49.893Z"}
{"level":"info","message":"Deleted successful","timestamp":"2021-11-14T07:35:49.917Z"}
{"level":"info","message":"User registered","timestamp":"2021-11-14T07:35:50.096Z"}
{"level":"error","message":"Email already registered","timestamp":"2021-11-14T07:35:50.196Z"}
{"level":"error","message":"validation failed","timestamp":"2021-11-14T07:35:50.203Z"}
{"level":"error","message":"validation failed","timestamp":"2021-11-14T07:35:50.216Z"}
{"level":"error","message":"validation failed","timestamp":"2021-11-14T07:35:50.223Z"}
{"level":"info","message":"User registered","timestamp":"2021-11-14T07:35:50.328Z"}
{"level":"error","message":"Email already registered","timestamp":"2021-11-14T07:35:50.429Z"}
{"level":"error","message":"validation failed","timestamp":"2021-11-14T07:35:50.436Z"}
{"level":"error","message":"validation failed","timestamp":"2021-11-14T07:35:50.442Z"}
{"level":"error","message":"validation failed","timestamp":"2021-11-14T07:35:50.451Z"}
{"level":"info","message":"login success","timestamp":"2021-11-14T07:35:50.554Z"}
{"level":"error","message":"Invalid email","timestamp":"2021-11-14T07:35:50.562Z"}
{"level":"error","message":"Invalid password","timestamp":"2021-11-14T07:35:50.671Z"}
{"level":"error","message":"Validation failed","timestamp":"2021-11-14T07:35:50.678Z"}
{"level":"error","message":"Validation failed","timestamp":"2021-11-14T07:35:50.685Z"}
{"level":"info","message":"Mail sent successfully","timestamp":"2021-11-14T07:35:50.708Z"}
{"level":"error","message":"Invalid email","timestamp":"2021-11-14T07:35:50.725Z"}
{"level":"info","message":"Password reset successful","timestamp":"2021-11-14T07:35:50.837Z"}
{"level":"info","message":"Book created","timestamp":"2021-11-14T07:37:24.081Z"}
{"_original":{"addedBy":"yashpurwar.yashpurwar@gmail.com","author":"hic","description":"Vero maiores et corporis eius et.","title":"sed"},"details":[{"context":{"key":"price","label":"price"},"message":"\"price\" is required","path":["price"],"type":"any.required"}],"level":"error","timestamp":"2021-11-14T07:37:24.111Z"}
{"level":"info","message":"Fetched successfully","timestamp":"2021-11-14T07:37:24.146Z"}
{"level":"info","message":"Updated successfully","timestamp":"2021-11-14T07:37:24.183Z"}
{"level":"info","message":"Deleted successful","timestamp":"2021-11-14T07:37:24.207Z"}
{"level":"info","message":"User registered","timestamp":"2021-11-14T07:37:24.421Z"}
{"level":"error","message":"Email already registered","timestamp":"2021-11-14T07:37:24.624Z"}
{"level":"error","message":"validation failed","timestamp":"2021-11-14T07:37:24.645Z"}
{"level":"error","message":"validation failed","timestamp":"2021-11-14T07:37:24.667Z"}
{"level":"error","message":"validation failed","timestamp":"2021-11-14T07:37:24.690Z"}
{"level":"info","message":"User registered","timestamp":"2021-11-14T07:37:24.814Z"}
{"level":"error","message":"Email already registered","timestamp":"2021-11-14T07:37:24.917Z"}
{"level":"error","message":"validation failed","timestamp":"2021-11-14T07:37:24.924Z"}
{"level":"error","message":"validation failed","timestamp":"2021-11-14T07:37:24.930Z"}
{"level":"error","message":"validation failed","timestamp":"2021-11-14T07:37:24.937Z"}
{"level":"info","message":"login success","timestamp":"2021-11-14T07:37:25.042Z"}
{"level":"error","message":"Invalid email","timestamp":"2021-11-14T07:37:25.050Z"}
{"level":"error","message":"Invalid password","timestamp":"2021-11-14T07:37:25.151Z"}
{"level":"error","message":"Validation failed","timestamp":"2021-11-14T07:37:25.157Z"}
{"level":"error","message":"Validation failed","timestamp":"2021-11-14T07:37:25.162Z"}
{"level":"info","message":"Mail sent successfully","timestamp":"2021-11-14T07:37:25.184Z"}
{"level":"error","message":"Invalid email","timestamp":"2021-11-14T07:37:25.208Z"}
{"level":"info","message":"Password reset successful","timestamp":"2021-11-14T07:37:25.317Z"}
{"level":"info","message":"Book created","timestamp":"2021-11-14T07:42:24.846Z"}
{"_original":{"addedBy":"yashpurwar.yashpurwar@gmail.com","author":"vitae","description":"Eos dolor dignissimos ut enim.","title":"atque"},"details":[{"context":{"key":"price","label":"price"},"message":"\"price\" is required","path":["price"],"type":"any.required"}],"level":"error","timestamp":"2021-11-14T07:42:24.889Z"}
{"level":"info","message":"Fetched successfully","timestamp":"2021-11-14T07:42:24.940Z"}
{"level":"info","message":"Updated successfully","timestamp":"2021-11-14T07:42:24.983Z"}
{"level":"info","message":"Deleted successful","timestamp":"2021-11-14T07:42:25.019Z"}
{"level":"info","message":"User registered","timestamp":"2021-11-14T07:42:25.235Z"}
{"level":"error","message":"Email already registered","timestamp":"2021-11-14T07:42:25.336Z"}
{"level":"error","message":"validation failed","timestamp":"2021-11-14T07:42:25.343Z"}
{"level":"error","message":"validation failed","timestamp":"2021-11-14T07:42:25.352Z"}
{"level":"error","message":"validation failed","timestamp":"2021-11-14T07:42:25.358Z"}
{"level":"info","message":"User registered","timestamp":"2021-11-14T07:42:25.467Z"}
{"level":"error","message":"Email already registered","timestamp":"2021-11-14T07:42:25.572Z"}
{"level":"error","message":"validation failed","timestamp":"2021-11-14T07:42:25.579Z"}
{"level":"error","message":"validation failed","timestamp":"2021-11-14T07:42:25.587Z"}
{"level":"error","message":"validation failed","timestamp":"2021-11-14T07:42:25.595Z"}
{"level":"info","message":"login success","timestamp":"2021-11-14T07:42:25.701Z"}
{"level":"error","message":"Invalid email","timestamp":"2021-11-14T07:42:25.709Z"}
{"level":"error","message":"Invalid password","timestamp":"2021-11-14T07:42:25.810Z"}
{"level":"error","message":"Validation failed","timestamp":"2021-11-14T07:42:25.817Z"}
{"level":"error","message":"Validation failed","timestamp":"2021-11-14T07:42:25.823Z"}
{"level":"info","message":"Mail sent successfully","timestamp":"2021-11-14T07:42:25.846Z"}
{"level":"error","message":"Invalid email","timestamp":"2021-11-14T07:42:25.871Z"}
{"level":"info","message":"Password reset successful","timestamp":"2021-11-14T07:42:25.980Z"}
{"level":"info","message":"Book created","timestamp":"2021-11-14T07:42:42.967Z"}
{"_original":{"addedBy":"yashpurwar.yashpurwar@gmail.com","author":"repudiandae","description":"Et necessitatibus ipsa iure delectus.","title":"atque"},"details":[{"context":{"key":"price","label":"price"},"message":"\"price\" is required","path":["price"],"type":"any.required"}],"level":"error","timestamp":"2021-11-14T07:42:43.008Z"}
{"level":"info","message":"Fetched successfully","timestamp":"2021-11-14T07:42:43.049Z"}
{"level":"info","message":"Updated successfully","timestamp":"2021-11-14T07:42:43.076Z"}
{"level":"info","message":"Deleted successful","timestamp":"2021-11-14T07:42:43.100Z"}
{"level":"info","message":"User registered","timestamp":"2021-11-14T07:42:43.329Z"}
{"level":"error","message":"Email already registered","timestamp":"2021-11-14T07:42:43.428Z"}
{"level":"error","message":"validation failed","timestamp":"2021-11-14T07:42:43.434Z"}
{"level":"error","message":"validation failed","timestamp":"2021-11-14T07:42:43.441Z"}
{"level":"error","message":"validation failed","timestamp":"2021-11-14T07:42:43.450Z"}
{"level":"info","message":"User registered","timestamp":"2021-11-14T07:42:43.551Z"}
{"level":"error","message":"Email already registered","timestamp":"2021-11-14T07:42:43.723Z"}
{"level":"error","message":"validation failed","timestamp":"2021-11-14T07:42:43.730Z"}
{"level":"error","message":"validation failed","timestamp":"2021-11-14T07:42:43.736Z"}
{"level":"error","message":"validation failed","timestamp":"2021-11-14T07:42:43.742Z"}
{"level":"info","message":"login success","timestamp":"2021-11-14T07:42:43.846Z"}
{"level":"error","message":"Invalid email","timestamp":"2021-11-14T07:42:43.855Z"}
{"level":"error","message":"Invalid password","timestamp":"2021-11-14T07:42:43.958Z"}
{"level":"error","message":"Validation failed","timestamp":"2021-11-14T07:42:43.966Z"}
{"level":"error","message":"Validation failed","timestamp":"2021-11-14T07:42:43.972Z"}
{"level":"info","message":"Mail sent successfully","timestamp":"2021-11-14T07:42:44.001Z"}
{"level":"error","message":"Invalid email","timestamp":"2021-11-14T07:42:44.024Z"}
{"level":"info","message":"Password reset successful","timestamp":"2021-11-14T07:42:44.135Z"}
{"level":"info","message":"Book created","timestamp":"2021-11-14T07:43:34.671Z"}
{"_original":{"addedBy":"yashpurwar.yashpurwar@gmail.com","author":"similique","description":"Est dolorem maxime suscipit adipisci.","title":"sunt"},"details":[{"context":{"key":"price","label":"price"},"message":"\"price\" is required","path":["price"],"type":"any.required"}],"level":"error","timestamp":"2021-11-14T07:43:34.702Z"}
{"level":"info","message":"Fetched successfully","timestamp":"2021-11-14T07:43:34.739Z"}
{"level":"info","message":"Updated successfully","timestamp":"2021-11-14T07:43:34.773Z"}
{"level":"info","message":"Deleted successful","timestamp":"2021-11-14T07:43:34.797Z"}
{"level":"info","message":"User registered","timestamp":"2021-11-14T07:43:35.070Z"}
{"level":"error","message":"Email already registered","timestamp":"2021-11-14T07:43:35.175Z"}
{"level":"error","message":"validation failed","timestamp":"2021-11-14T07:43:35.181Z"}
{"level":"error","message":"validation failed","timestamp":"2021-11-14T07:43:35.187Z"}
{"level":"error","message":"validation failed","timestamp":"2021-11-14T07:43:35.195Z"}
{"level":"info","message":"User registered","timestamp":"2021-11-14T07:43:35.296Z"}
{"level":"error","message":"Email already registered","timestamp":"2021-11-14T07:43:35.438Z"}
{"level":"error","message":"validation failed","timestamp":"2021-11-14T07:43:35.450Z"}
{"level":"error","message":"validation failed","timestamp":"2021-11-14T07:43:35.466Z"}
{"level":"error","message":"validation failed","timestamp":"2021-11-14T07:43:35.482Z"}
{"level":"info","message":"login success","timestamp":"2021-11-14T07:43:35.599Z"}
{"level":"error","message":"Invalid email","timestamp":"2021-11-14T07:43:35.609Z"}
{"level":"error","message":"Invalid password","timestamp":"2021-11-14T07:43:35.709Z"}
{"level":"error","message":"Validation failed","timestamp":"2021-11-14T07:43:35.715Z"}
{"level":"error","message":"Validation failed","timestamp":"2021-11-14T07:43:35.722Z"}
{"level":"info","message":"Mail sent successfully","timestamp":"2021-11-14T07:43:35.745Z"}
{"level":"error","message":"Invalid email","timestamp":"2021-11-14T07:43:35.765Z"}
{"level":"info","message":"Password reset successful","timestamp":"2021-11-14T07:43:35.870Z"}
{"level":"info","message":"Book created","timestamp":"2021-11-14T07:44:11.082Z"}
{"_original":{"addedBy":"yashpurwar.yashpurwar@gmail.com","author":"necessitatibus","description":"Ea voluptatibus expedita.","title":"id"},"details":[{"context":{"key":"price","label":"price"},"message":"\"price\" is required","path":["price"],"type":"any.required"}],"level":"error","timestamp":"2021-11-14T07:44:11.113Z"}
{"level":"info","message":"Fetched successfully","timestamp":"2021-11-14T07:44:11.148Z"}
{"level":"info","message":"Updated successfully","timestamp":"2021-11-14T07:44:11.178Z"}
{"level":"info","message":"Deleted successful","timestamp":"2021-11-14T07:44:11.204Z"}
{"level":"info","message":"User registered","timestamp":"2021-11-14T07:44:11.434Z"}
{"level":"error","message":"Email already registered","timestamp":"2021-11-14T07:44:11.532Z"}
{"level":"error","message":"validation failed","timestamp":"2021-11-14T07:44:11.539Z"}
{"level":"error","message":"validation failed","timestamp":"2021-11-14T07:44:11.545Z"}
{"level":"error","message":"validation failed","timestamp":"2021-11-14T07:44:11.551Z"}
{"level":"info","message":"User registered","timestamp":"2021-11-14T07:44:11.653Z"}
{"level":"error","message":"Email already registered","timestamp":"2021-11-14T07:44:11.751Z"}
{"level":"error","message":"validation failed","timestamp":"2021-11-14T07:44:11.758Z"}
{"level":"error","message":"validation failed","timestamp":"2021-11-14T07:44:11.764Z"}
{"level":"error","message":"validation failed","timestamp":"2021-11-14T07:44:11.771Z"}
{"level":"info","message":"login success","timestamp":"2021-11-14T07:44:11.875Z"}
{"level":"error","message":"Invalid email","timestamp":"2021-11-14T07:44:11.883Z"}
{"level":"error","message":"Invalid password","timestamp":"2021-11-14T07:44:11.981Z"}
{"level":"error","message":"Validation failed","timestamp":"2021-11-14T07:44:11.988Z"}
{"level":"error","message":"Validation failed","timestamp":"2021-11-14T07:44:11.997Z"}
{"level":"info","message":"Mail sent successfully","timestamp":"2021-11-14T07:44:12.021Z"}
{"level":"error","message":"Invalid email","timestamp":"2021-11-14T07:44:12.042Z"}
{"level":"info","message":"Password reset successful","timestamp":"2021-11-14T07:44:12.156Z"}
{"level":"info","message":"Fetched successfully","timestamp":"2021-11-14T13:20:43.411Z"}
{"level":"info","message":"Book created","timestamp":"2021-11-14T13:30:48.618Z"}
{"_original":{"addedBy":"yashpurwar.yashpurwar@gmail.com","author":"sit","description":"Corrupti veritatis voluptates molestiae illo est.","title":"fugiat"},"details":[{"context":{"key":"price","label":"price"},"message":"\"price\" is required","path":["price"],"type":"any.required"}],"level":"error","timestamp":"2021-11-14T13:30:48.656Z"}
{"level":"info","message":"Fetched successfully","timestamp":"2021-11-14T13:30:48.721Z"}
{"level":"info","message":"Updated successfully","timestamp":"2021-11-14T13:30:48.947Z"}
{"level":"info","message":"Deleted successful","timestamp":"2021-11-14T13:30:48.996Z"}
{"level":"info","message":"User registered","timestamp":"2021-11-14T13:30:49.565Z"}
{"level":"error","message":"Email already registered","timestamp":"2021-11-14T13:30:49.673Z"}
{"level":"error","message":"validation failed","timestamp":"2021-11-14T13:30:49.680Z"}
{"level":"error","message":"validation failed","timestamp":"2021-11-14T13:30:49.687Z"}
{"level":"error","message":"validation failed","timestamp":"2021-11-14T13:30:49.696Z"}
{"level":"info","message":"User registered","timestamp":"2021-11-14T13:30:49.813Z"}
{"level":"error","message":"Email already registered","timestamp":"2021-11-14T13:30:49.920Z"}
{"level":"error","message":"validation failed","timestamp":"2021-11-14T13:30:49.928Z"}
{"level":"error","message":"validation failed","timestamp":"2021-11-14T13:30:49.935Z"}
{"level":"error","message":"validation failed","timestamp":"2021-11-14T13:30:49.943Z"}
{"level":"info","message":"login success","timestamp":"2021-11-14T13:30:50.063Z"}
{"level":"error","message":"Invalid email","timestamp":"2021-11-14T13:30:50.074Z"}
{"level":"error","message":"Invalid password","timestamp":"2021-11-14T13:30:50.185Z"}
{"level":"error","message":"Validation failed","timestamp":"2021-11-14T13:30:50.194Z"}
{"level":"error","message":"Validation failed","timestamp":"2021-11-14T13:30:50.204Z"}
{"level":"info","message":"Mail sent successfully","timestamp":"2021-11-14T13:30:50.561Z"}
{"level":"error","message":"Invalid email","timestamp":"2021-11-14T13:30:50.619Z"}
{"level":"info","message":"Password reset successful","timestamp":"2021-11-14T13:30:50.769Z"}
{"level":"info","message":"Book created","timestamp":"2021-11-15T02:59:56.802Z"}
{"_original":{"addedBy":"yashpurwar.yashpurwar@gmail.com","author":"veniam","description":"Aut in sed quis et.","title":"cupiditate"},"details":[{"context":{"key":"price","label":"price"},"message":"\"price\" is required","path":["price"],"type":"any.required"}],"level":"error","timestamp":"2021-11-15T02:59:56.893Z"}
{"level":"info","message":"Fetched successfully","timestamp":"2021-11-15T02:59:57.302Z"}
{"level":"info","message":"Updated successfully","timestamp":"2021-11-15T02:59:57.371Z"}
{"level":"info","message":"Deleted successful","timestamp":"2021-11-15T02:59:57.428Z"}
{"level":"info","message":"User registered","timestamp":"2021-11-15T02:59:57.740Z"}
{"level":"error","message":"Email already registered","timestamp":"2021-11-15T02:59:57.852Z"}
{"level":"error","message":"validation failed","timestamp":"2021-11-15T02:59:57.860Z"}
{"level":"error","message":"validation failed","timestamp":"2021-11-15T02:59:57.871Z"}
{"level":"error","message":"validation failed","timestamp":"2021-11-15T02:59:57.880Z"}
{"level":"info","message":"User registered","timestamp":"2021-11-15T02:59:57.999Z"}
{"level":"error","message":"Email already registered","timestamp":"2021-11-15T02:59:58.114Z"}
{"level":"error","message":"validation failed","timestamp":"2021-11-15T02:59:58.121Z"}
{"level":"error","message":"validation failed","timestamp":"2021-11-15T02:59:58.129Z"}
{"level":"error","message":"validation failed","timestamp":"2021-11-15T02:59:58.140Z"}
{"level":"info","message":"login success","timestamp":"2021-11-15T02:59:58.257Z"}
{"level":"error","message":"Invalid email","timestamp":"2021-11-15T02:59:58.265Z"}
{"level":"error","message":"Invalid password","timestamp":"2021-11-15T02:59:58.379Z"}
{"level":"error","message":"Validation failed","timestamp":"2021-11-15T02:59:58.386Z"}
{"level":"error","message":"Validation failed","timestamp":"2021-11-15T02:59:58.394Z"}
{"level":"info","message":"Mail sent successfully","timestamp":"2021-11-15T02:59:58.428Z"}
{"level":"error","message":"Invalid email","timestamp":"2021-11-15T02:59:58.443Z"}
{"level":"info","message":"Password reset successful","timestamp":"2021-11-15T02:59:58.569Z"}
{"level":"info","message":"Book created","timestamp":"2021-11-15T03:00:49.136Z"}
{"_original":{"addedBy":"yashpurwar.yashpurwar@gmail.com","author":"aut","description":"Qui voluptatem quam voluptas architecto deserunt illum vero totam.","title":"tempora"},"details":[{"context":{"key":"price","label":"price"},"message":"\"price\" is required","path":["price"],"type":"any.required"}],"level":"error","timestamp":"2021-11-15T03:00:49.176Z"}
{"level":"info","message":"Fetched successfully","timestamp":"2021-11-15T03:00:49.228Z"}
{"level":"info","message":"Updated successfully","timestamp":"2021-11-15T03:00:49.268Z"}
{"level":"info","message":"Deleted successful","timestamp":"2021-11-15T03:00:49.298Z"}
{"level":"info","message":"User registered","timestamp":"2021-11-15T03:00:49.595Z"}
{"level":"error","message":"Email already registered","timestamp":"2021-11-15T03:00:49.703Z"}
{"level":"error","message":"validation failed","timestamp":"2021-11-15T03:00:49.711Z"}
{"level":"error","message":"validation failed","timestamp":"2021-11-15T03:00:49.721Z"}
{"level":"error","message":"validation failed","timestamp":"2021-11-15T03:00:49.733Z"}
{"level":"info","message":"User registered","timestamp":"2021-11-15T03:00:49.860Z"}
{"level":"error","message":"Email already registered","timestamp":"2021-11-15T03:00:49.970Z"}
{"level":"error","message":"validation failed","timestamp":"2021-11-15T03:00:49.977Z"}
{"level":"error","message":"validation failed","timestamp":"2021-11-15T03:00:49.984Z"}
{"level":"error","message":"validation failed","timestamp":"2021-11-15T03:00:49.991Z"}
{"level":"info","message":"login success","timestamp":"2021-11-15T03:00:50.108Z"}
{"level":"error","message":"Invalid email","timestamp":"2021-11-15T03:00:50.117Z"}
{"level":"error","message":"Invalid password","timestamp":"2021-11-15T03:00:50.228Z"}
{"level":"error","message":"Validation failed","timestamp":"2021-11-15T03:00:50.235Z"}
{"level":"error","message":"Validation failed","timestamp":"2021-11-15T03:00:50.243Z"}
{"level":"info","message":"Mail sent successfully","timestamp":"2021-11-15T03:00:50.275Z"}
{"level":"error","message":"Invalid email","timestamp":"2021-11-15T03:00:50.325Z"}
{"level":"info","message":"Password reset successful","timestamp":"2021-11-15T03:00:50.441Z"}
{"level":"info","message":"Book created","timestamp":"2021-11-15T03:01:05.591Z"}
{"_original":{"addedBy":"yashpurwar.yashpurwar@gmail.com","author":"minima","description":"Qui minus molestiae dolor.","title":"quos"},"details":[{"context":{"key":"price","label":"price"},"message":"\"price\" is required","path":["price"],"type":"any.required"}],"level":"error","timestamp":"2021-11-15T03:01:05.685Z"}
{"level":"info","message":"Fetched successfully","timestamp":"2021-11-15T03:01:05.752Z"}
{"level":"info","message":"Updated successfully","timestamp":"2021-11-15T03:01:05.808Z"}
{"level":"info","message":"Deleted successful","timestamp":"2021-11-15T03:01:05.852Z"}
{"level":"info","message":"User registered","timestamp":"2021-11-15T03:01:06.175Z"}
{"level":"error","message":"Email already registered","timestamp":"2021-11-15T03:01:06.289Z"}
{"level":"error","message":"validation failed","timestamp":"2021-11-15T03:01:06.296Z"}
{"level":"error","message":"validation failed","timestamp":"2021-11-15T03:01:06.303Z"}
{"level":"error","message":"validation failed","timestamp":"2021-11-15T03:01:06.312Z"}
{"level":"info","message":"User registered","timestamp":"2021-11-15T03:01:06.424Z"}
{"level":"error","message":"Email already registered","timestamp":"2021-11-15T03:01:06.540Z"}
{"level":"error","message":"validation failed","timestamp":"2021-11-15T03:01:06.548Z"}
{"level":"error","message":"validation failed","timestamp":"2021-11-15T03:01:06.556Z"}
{"level":"error","message":"validation failed","timestamp":"2021-11-15T03:01:06.565Z"}
{"level":"info","message":"login success","timestamp":"2021-11-15T03:01:06.688Z"}
{"level":"error","message":"Invalid email","timestamp":"2021-11-15T03:01:06.697Z"}
{"level":"error","message":"Invalid password","timestamp":"2021-11-15T03:01:06.806Z"}
{"level":"error","message":"Validation failed","timestamp":"2021-11-15T03:01:06.814Z"}
{"level":"error","message":"Validation failed","timestamp":"2021-11-15T03:01:06.821Z"}
{"level":"info","message":"Mail sent successfully","timestamp":"2021-11-15T03:01:06.850Z"}
{"level":"error","message":"Invalid email","timestamp":"2021-11-15T03:01:06.901Z"}
{"level":"info","message":"Password reset successful","timestamp":"2021-11-15T03:01:07.020Z"}
{"level":"info","message":"Book created","timestamp":"2021-11-16T17:03:21.183Z"}
{"_original":{"addedBy":"yashpurwar.yashpurwar@gmail.com","author":"aut","description":"Alias aut eum.","title":"consequatur"},"details":[{"context":{"key":"price","label":"price"},"message":"\"price\" is required","path":["price"],"type":"any.required"}],"level":"error","timestamp":"2021-11-16T17:03:21.230Z"}
{"level":"info","message":"Fetched successfully","timestamp":"2021-11-16T17:03:21.309Z"}
{"level":"info","message":"Updated successfully","timestamp":"2021-11-16T17:03:21.347Z"}
{"level":"info","message":"Deleted successful","timestamp":"2021-11-16T17:03:21.384Z"}
{"level":"info","message":"User registered","timestamp":"2021-11-16T17:03:21.762Z"}
{"level":"error","message":"Email already registered","timestamp":"2021-11-16T17:03:21.871Z"}
{"level":"error","message":"validation failed","timestamp":"2021-11-16T17:03:21.878Z"}
{"level":"error","message":"validation failed","timestamp":"2021-11-16T17:03:21.886Z"}
{"level":"error","message":"validation failed","timestamp":"2021-11-16T17:03:21.898Z"}
{"level":"info","message":"User registered","timestamp":"2021-11-16T17:03:22.016Z"}
{"level":"error","message":"Email already registered","timestamp":"2021-11-16T17:03:22.157Z"}
{"level":"error","message":"validation failed","timestamp":"2021-11-16T17:03:22.166Z"}
{"level":"error","message":"validation failed","timestamp":"2021-11-16T17:03:22.176Z"}
{"level":"error","message":"validation failed","timestamp":"2021-11-16T17:03:22.184Z"}
{"level":"info","message":"login success","timestamp":"2021-11-16T17:03:22.301Z"}
{"level":"error","message":"Invalid email","timestamp":"2021-11-16T17:03:22.310Z"}
{"level":"error","message":"Invalid password","timestamp":"2021-11-16T17:03:22.417Z"}
{"level":"error","message":"Validation failed","timestamp":"2021-11-16T17:03:22.424Z"}
{"level":"error","message":"Validation failed","timestamp":"2021-11-16T17:03:22.430Z"}
{"level":"info","message":"Mail sent successfully","timestamp":"2021-11-16T17:03:22.481Z"}
{"level":"error","message":"Invalid email","timestamp":"2021-11-16T17:03:22.510Z"}
{"level":"info","message":"Password reset successful","timestamp":"2021-11-16T17:03:22.629Z"}
